[16-Feb-2026 23:36:31 PRC] [主流程] Cookie中读取的user_token：2a64dbe4aaadb84bf28bc4dc1ffc0561cfeec04cdbf0c8bf0564d83506d9cff7 | 是否为空：否
[16-Feb-2026 23:36:31 PRC] [登录检测] 传入Token：2a64dbe4aaadb84bf28bc4dc1ffc0561cfeec04cdbf0c8bf0564d83506d9cff7 | 清理后：2a64dbe4aaadb84bf28bc4dc1ffc0561cfeec04cdbf0c8bf0564d83506d9cff7 | 长度：64
[16-Feb-2026 23:36:31 PRC] [登录检测] Token匹配成功，用户邮箱：1692138502@qq.com
[16-Feb-2026 23:36:31 PRC] [主流程] Token验证结果：成功（1692138502@qq.com）
[16-Feb-2026 23:36:31 PRC] [用户数据路径] 生成路径：../users/1692138502%40qq.com/user.json
[16-Feb-2026 23:36:31 PRC] [读取用户数据] 尝试读取文件：../users/1692138502%40qq.com/user.json
[16-Feb-2026 23:36:31 PRC] [读取用户数据] 成功读取：../users/1692138502%40qq.com/user.json，数据：{"username":"Mr.C.Woods","level":11,"points":24350,"used_space_kb":5699}
[16-Feb-2026 23:36:31 PRC] [用户数据路径] 生成路径：../users/1692138502%40qq.com/user.json
[16-Feb-2026 23:36:31 PRC] [读取用户数据] 尝试读取文件：../users/1692138502%40qq.com/user.json
[16-Feb-2026 23:36:31 PRC] [读取用户数据] 成功读取：../users/1692138502%40qq.com/user.json，数据：{"username":"Mr.C.Woods","level":11,"points":24350,"used_space_kb":5699}
[16-Feb-2026 23:36:31 PRC] [用户数据路径] 生成路径：../users/1692138502%40qq.com/user.json
[16-Feb-2026 23:36:31 PRC] [读取用户数据] 尝试读取文件：../users/1692138502%40qq.com/user.json
[16-Feb-2026 23:36:31 PRC] [读取用户数据] 成功读取：../users/1692138502%40qq.com/user.json，数据：{"username":"Mr.C.Woods","level":11,"points":24350,"used_space_kb":5699}
[16-Feb-2026 23:36:33 PRC] [主流程] Cookie中读取的user_token：2a64dbe4aaadb84bf28bc4dc1ffc0561cfeec04cdbf0c8bf0564d83506d9cff7 | 是否为空：否
[16-Feb-2026 23:36:33 PRC] [登录检测] 传入Token：2a64dbe4aaadb84bf28bc4dc1ffc0561cfeec04cdbf0c8bf0564d83506d9cff7 | 清理后：2a64dbe4aaadb84bf28bc4dc1ffc0561cfeec04cdbf0c8bf0564d83506d9cff7 | 长度：64
[16-Feb-2026 23:36:33 PRC] [登录检测] Token匹配成功，用户邮箱：1692138502@qq.com
[16-Feb-2026 23:36:33 PRC] [主流程] Token验证结果：成功（1692138502@qq.com）
[16-Feb-2026 23:36:33 PRC] [用户数据路径] 生成路径：../users/1692138502%40qq.com/user.json
[16-Feb-2026 23:36:33 PRC] [读取用户数据] 尝试读取文件：../users/1692138502%40qq.com/user.json
[16-Feb-2026 23:36:33 PRC] [读取用户数据] 成功读取：../users/1692138502%40qq.com/user.json，数据：{"username":"Mr.C.Woods","level":11,"points":24350,"used_space_kb":5699}
[16-Feb-2026 23:36:33 PRC] [用户数据路径] 生成路径：../users/1692138502%40qq.com/user.json
[16-Feb-2026 23:36:33 PRC] [读取用户数据] 尝试读取文件：../users/1692138502%40qq.com/user.json
[16-Feb-2026 23:36:33 PRC] [读取用户数据] 成功读取：../users/1692138502%40qq.com/user.json，数据：{"username":"Mr.C.Woods","level":11,"points":24350,"used_space_kb":5699}
[16-Feb-2026 23:36:33 PRC] [用户数据路径] 生成路径：../users/1692138502%40qq.com/user.json
[16-Feb-2026 23:36:33 PRC] [读取用户数据] 尝试读取文件：../users/1692138502%40qq.com/user.json
[16-Feb-2026 23:36:33 PRC] [读取用户数据] 成功读取：../users/1692138502%40qq.com/user.json，数据：{"username":"Mr.C.Woods","level":11,"points":24350,"used_space_kb":5699}
[16-Feb-2026 23:36:52 PRC] [主流程] Cookie中读取的user_token：2a64dbe4aaadb84bf28bc4dc1ffc0561cfeec04cdbf0c8bf0564d83506d9cff7 | 是否为空：否
[16-Feb-2026 23:36:52 PRC] [登录检测] 传入Token：2a64dbe4aaadb84bf28bc4dc1ffc0561cfeec04cdbf0c8bf0564d83506d9cff7 | 清理后：2a64dbe4aaadb84bf28bc4dc1ffc0561cfeec04cdbf0c8bf0564d83506d9cff7 | 长度：64
[16-Feb-2026 23:36:52 PRC] [登录检测] Token匹配成功，用户邮箱：1692138502@qq.com
[16-Feb-2026 23:36:52 PRC] [主流程] Token验证结果：成功（1692138502@qq.com）
[16-Feb-2026 23:36:52 PRC] [用户数据路径] 生成路径：../users/1692138502%40qq.com/user.json
[16-Feb-2026 23:36:52 PRC] [读取用户数据] 尝试读取文件：../users/1692138502%40qq.com/user.json
[16-Feb-2026 23:36:52 PRC] [读取用户数据] 成功读取：../users/1692138502%40qq.com/user.json，数据：{"username":"Mr.C.Woods","level":11,"points":24350,"used_space_kb":5699}
[16-Feb-2026 23:36:52 PRC] [用户数据路径] 生成路径：../users/1692138502%40qq.com/user.json
[16-Feb-2026 23:36:52 PRC] [读取用户数据] 尝试读取文件：../users/1692138502%40qq.com/user.json
[16-Feb-2026 23:36:52 PRC] [读取用户数据] 成功读取：../users/1692138502%40qq.com/user.json，数据：{"username":"Mr.C.Woods","level":11,"points":24350,"used_space_kb":5699}
[16-Feb-2026 23:36:52 PRC] [用户数据路径] 生成路径：../users/1692138502%40qq.com/user.json
[16-Feb-2026 23:36:52 PRC] [读取用户数据] 尝试读取文件：../users/1692138502%40qq.com/user.json
[16-Feb-2026 23:36:52 PRC] [读取用户数据] 成功读取：../users/1692138502%40qq.com/user.json，数据：{"username":"Mr.C.Woods","level":11,"points":24350,"used_space_kb":5699}
[16-Feb-2026 23:36:53 PRC] [主流程] Cookie中读取的user_token：2a64dbe4aaadb84bf28bc4dc1ffc0561cfeec04cdbf0c8bf0564d83506d9cff7 | 是否为空：否
[16-Feb-2026 23:36:53 PRC] [登录检测] 传入Token：2a64dbe4aaadb84bf28bc4dc1ffc0561cfeec04cdbf0c8bf0564d83506d9cff7 | 清理后：2a64dbe4aaadb84bf28bc4dc1ffc0561cfeec04cdbf0c8bf0564d83506d9cff7 | 长度：64
[16-Feb-2026 23:36:53 PRC] [登录检测] Token匹配成功，用户邮箱：1692138502@qq.com
[16-Feb-2026 23:36:53 PRC] [主流程] Token验证结果：成功（1692138502@qq.com）
[16-Feb-2026 23:36:53 PRC] [用户数据路径] 生成路径：../users/1692138502%40qq.com/user.json
[16-Feb-2026 23:36:53 PRC] [读取用户数据] 尝试读取文件：../users/1692138502%40qq.com/user.json
[16-Feb-2026 23:36:53 PRC] [读取用户数据] 成功读取：../users/1692138502%40qq.com/user.json，数据：{"username":"Mr.C.Woods","level":11,"points":24350,"used_space_kb":5699}
[16-Feb-2026 23:36:53 PRC] [用户数据路径] 生成路径：../users/1692138502%40qq.com/user.json
[16-Feb-2026 23:36:53 PRC] [读取用户数据] 尝试读取文件：../users/1692138502%40qq.com/user.json
[16-Feb-2026 23:36:53 PRC] [读取用户数据] 成功读取：../users/1692138502%40qq.com/user.json，数据：{"username":"Mr.C.Woods","level":11,"points":24350,"used_space_kb":5699}
[16-Feb-2026 23:36:53 PRC] [用户数据路径] 生成路径：../users/1692138502%40qq.com/user.json
[16-Feb-2026 23:36:53 PRC] [读取用户数据] 尝试读取文件：../users/1692138502%40qq.com/user.json
[16-Feb-2026 23:36:53 PRC] [读取用户数据] 成功读取：../users/1692138502%40qq.com/user.json，数据：{"username":"Mr.C.Woods","level":11,"points":24350,"used_space_kb":5699}
[16-Feb-2026 23:37:15 PRC] [主流程] Cookie中读取的user_token：2a64dbe4aaadb84bf28bc4dc1ffc0561cfeec04cdbf0c8bf0564d83506d9cff7 | 是否为空：否
[16-Feb-2026 23:37:15 PRC] [登录检测] 传入Token：2a64dbe4aaadb84bf28bc4dc1ffc0561cfeec04cdbf0c8bf0564d83506d9cff7 | 清理后：2a64dbe4aaadb84bf28bc4dc1ffc0561cfeec04cdbf0c8bf0564d83506d9cff7 | 长度：64
[16-Feb-2026 23:37:15 PRC] [登录检测] Token匹配成功，用户邮箱：1692138502@qq.com
[16-Feb-2026 23:37:15 PRC] [主流程] Token验证结果：成功（1692138502@qq.com）
[16-Feb-2026 23:37:15 PRC] [用户数据路径] 生成路径：../users/1692138502%40qq.com/user.json
[16-Feb-2026 23:37:15 PRC] [读取用户数据] 尝试读取文件：../users/1692138502%40qq.com/user.json
[16-Feb-2026 23:37:15 PRC] [读取用户数据] 成功读取：../users/1692138502%40qq.com/user.json，数据：{"username":"Mr.C.Woods","level":11,"points":24350,"used_space_kb":5699}
[16-Feb-2026 23:37:15 PRC] [用户数据路径] 生成路径：../users/1692138502%40qq.com/user.json
[16-Feb-2026 23:37:15 PRC] [读取用户数据] 尝试读取文件：../users/1692138502%40qq.com/user.json
[16-Feb-2026 23:37:15 PRC] [读取用户数据] 成功读取：../users/1692138502%40qq.com/user.json，数据：{"username":"Mr.C.Woods","level":11,"points":24350,"used_space_kb":5699}
[16-Feb-2026 23:37:15 PRC] [用户数据路径] 生成路径：../users/1692138502%40qq.com/user.json
[16-Feb-2026 23:37:15 PRC] [读取用户数据] 尝试读取文件：../users/1692138502%40qq.com/user.json
[16-Feb-2026 23:37:15 PRC] [读取用户数据] 成功读取：../users/1692138502%40qq.com/user.json，数据：{"username":"Mr.C.Woods","level":11,"points":24350,"used_space_kb":5699}
[16-Feb-2026 23:42:11 PRC] [主流程] Cookie中读取的user_token：2a64dbe4aaadb84bf28bc4dc1ffc0561cfeec04cdbf0c8bf0564d83506d9cff7 | 是否为空：否
[16-Feb-2026 23:42:11 PRC] [登录检测] 传入Token：2a64dbe4aaadb84bf28bc4dc1ffc0561cfeec04cdbf0c8bf0564d83506d9cff7 | 清理后：2a64dbe4aaadb84bf28bc4dc1ffc0561cfeec04cdbf0c8bf0564d83506d9cff7 | 长度：64
[16-Feb-2026 23:42:11 PRC] [登录检测] Token匹配成功，用户邮箱：1692138502@qq.com
[16-Feb-2026 23:42:11 PRC] [主流程] Token验证结果：成功（1692138502@qq.com）
[16-Feb-2026 23:42:11 PRC] [用户数据路径] 生成路径：../users/1692138502%40qq.com/user.json
[16-Feb-2026 23:42:11 PRC] [读取用户数据] 尝试读取文件：../users/1692138502%40qq.com/user.json
[16-Feb-2026 23:42:11 PRC] [读取用户数据] 成功读取：../users/1692138502%40qq.com/user.json，数据：{"username":"Mr.C.Woods","level":11,"points":24350,"used_space_kb":5699}
[16-Feb-2026 23:42:11 PRC] [用户数据路径] 生成路径：../users/1692138502%40qq.com/user.json
[16-Feb-2026 23:42:11 PRC] [读取用户数据] 尝试读取文件：../users/1692138502%40qq.com/user.json
[16-Feb-2026 23:42:11 PRC] [读取用户数据] 成功读取：../users/1692138502%40qq.com/user.json，数据：{"username":"Mr.C.Woods","level":11,"points":24350,"used_space_kb":5699}
[16-Feb-2026 23:42:11 PRC] [用户数据路径] 生成路径：../users/1692138502%40qq.com/user.json
[16-Feb-2026 23:42:11 PRC] [读取用户数据] 尝试读取文件：../users/1692138502%40qq.com/user.json
[16-Feb-2026 23:42:11 PRC] [读取用户数据] 成功读取：../users/1692138502%40qq.com/user.json，数据：{"username":"Mr.C.Woods","level":11,"points":24350,"used_space_kb":5699}
[16-Feb-2026 23:43:20 PRC] [主流程] Cookie中读取的user_token：2a64dbe4aaadb84bf28bc4dc1ffc0561cfeec04cdbf0c8bf0564d83506d9cff7 | 是否为空：否
[16-Feb-2026 23:43:20 PRC] [登录检测] 传入Token：2a64dbe4aaadb84bf28bc4dc1ffc0561cfeec04cdbf0c8bf0564d83506d9cff7 | 清理后：2a64dbe4aaadb84bf28bc4dc1ffc0561cfeec04cdbf0c8bf0564d83506d9cff7 | 长度：64
[16-Feb-2026 23:43:20 PRC] [登录检测] Token匹配成功，用户邮箱：1692138502@qq.com
[16-Feb-2026 23:43:20 PRC] [主流程] Token验证结果：成功（1692138502@qq.com）
[16-Feb-2026 23:43:20 PRC] [用户数据路径] 生成路径：../users/1692138502%40qq.com/user.json
[16-Feb-2026 23:43:20 PRC] [读取用户数据] 尝试读取文件：../users/1692138502%40qq.com/user.json
[16-Feb-2026 23:43:20 PRC] [读取用户数据] 成功读取：../users/1692138502%40qq.com/user.json，数据：{"username":"Mr.C.Woods","level":11,"points":24350,"used_space_kb":5699}
[16-Feb-2026 23:43:20 PRC] [用户数据路径] 生成路径：../users/1692138502%40qq.com/user.json
[16-Feb-2026 23:43:20 PRC] [读取用户数据] 尝试读取文件：../users/1692138502%40qq.com/user.json
[16-Feb-2026 23:43:20 PRC] [读取用户数据] 成功读取：../users/1692138502%40qq.com/user.json，数据：{"username":"Mr.C.Woods","level":11,"points":24350,"used_space_kb":5699}
[16-Feb-2026 23:43:20 PRC] [用户数据路径] 生成路径：../users/1692138502%40qq.com/user.json
[16-Feb-2026 23:43:20 PRC] [读取用户数据] 尝试读取文件：../users/1692138502%40qq.com/user.json
[16-Feb-2026 23:43:20 PRC] [读取用户数据] 成功读取：../users/1692138502%40qq.com/user.json，数据：{"username":"Mr.C.Woods","level":11,"points":24350,"used_space_kb":5699}
[16-Feb-2026 23:43:51 PRC] [主流程] Cookie中读取的user_token：2a64dbe4aaadb84bf28bc4dc1ffc0561cfeec04cdbf0c8bf0564d83506d9cff7 | 是否为空：否
[16-Feb-2026 23:43:51 PRC] [登录检测] 传入Token：2a64dbe4aaadb84bf28bc4dc1ffc0561cfeec04cdbf0c8bf0564d83506d9cff7 | 清理后：2a64dbe4aaadb84bf28bc4dc1ffc0561cfeec04cdbf0c8bf0564d83506d9cff7 | 长度：64
[16-Feb-2026 23:43:51 PRC] [登录检测] Token匹配成功，用户邮箱：1692138502@qq.com
[16-Feb-2026 23:43:51 PRC] [主流程] Token验证结果：成功（1692138502@qq.com）
[16-Feb-2026 23:43:51 PRC] [用户数据路径] 生成路径：../users/1692138502%40qq.com/user.json
[16-Feb-2026 23:43:51 PRC] [读取用户数据] 尝试读取文件：../users/1692138502%40qq.com/user.json
[16-Feb-2026 23:43:51 PRC] [读取用户数据] 成功读取：../users/1692138502%40qq.com/user.json，数据：{"username":"Mr.C.Woods","level":11,"points":24350,"used_space_kb":5699}
[16-Feb-2026 23:43:51 PRC] [用户数据路径] 生成路径：../users/1692138502%40qq.com/user.json
[16-Feb-2026 23:43:51 PRC] [读取用户数据] 尝试读取文件：../users/1692138502%40qq.com/user.json
[16-Feb-2026 23:43:51 PRC] [读取用户数据] 成功读取：../users/1692138502%40qq.com/user.json，数据：{"username":"Mr.C.Woods","level":11,"points":24350,"used_space_kb":5699}
[16-Feb-2026 23:43:51 PRC] [用户数据路径] 生成路径：../users/1692138502%40qq.com/user.json
[16-Feb-2026 23:43:51 PRC] [读取用户数据] 尝试读取文件：../users/1692138502%40qq.com/user.json
[16-Feb-2026 23:43:51 PRC] [读取用户数据] 成功读取：../users/1692138502%40qq.com/user.json，数据：{"username":"Mr.C.Woods","level":11,"points":24350,"used_space_kb":5699}
[16-Feb-2026 23:46:04 PRC] [主流程] Cookie中读取的user_token：2a64dbe4aaadb84bf28bc4dc1ffc0561cfeec04cdbf0c8bf0564d83506d9cff7 | 是否为空：否
[16-Feb-2026 23:46:04 PRC] [登录检测] 传入Token：2a64dbe4aaadb84bf28bc4dc1ffc0561cfeec04cdbf0c8bf0564d83506d9cff7 | 清理后：2a64dbe4aaadb84bf28bc4dc1ffc0561cfeec04cdbf0c8bf0564d83506d9cff7 | 长度：64
[16-Feb-2026 23:46:04 PRC] [登录检测] Token匹配成功，用户邮箱：1692138502@qq.com
[16-Feb-2026 23:46:04 PRC] [主流程] Token验证结果：成功（1692138502@qq.com）
[16-Feb-2026 23:46:04 PRC] [用户数据路径] 生成路径：../users/1692138502%40qq.com/user.json
[16-Feb-2026 23:46:04 PRC] [读取用户数据] 尝试读取文件：../users/1692138502%40qq.com/user.json
[16-Feb-2026 23:46:04 PRC] [读取用户数据] 成功读取：../users/1692138502%40qq.com/user.json，数据：{"username":"Mr.C.Woods","level":11,"points":24350,"used_space_kb":5699}
[16-Feb-2026 23:46:04 PRC] [用户数据路径] 生成路径：../users/1692138502%40qq.com/user.json
[16-Feb-2026 23:46:04 PRC] [读取用户数据] 尝试读取文件：../users/1692138502%40qq.com/user.json
[16-Feb-2026 23:46:04 PRC] [读取用户数据] 成功读取：../users/1692138502%40qq.com/user.json，数据：{"username":"Mr.C.Woods","level":11,"points":24350,"used_space_kb":5699}
[16-Feb-2026 23:46:04 PRC] [用户数据路径] 生成路径：../users/1692138502%40qq.com/user.json
[16-Feb-2026 23:46:04 PRC] [读取用户数据] 尝试读取文件：../users/1692138502%40qq.com/user.json
[16-Feb-2026 23:46:04 PRC] [读取用户数据] 成功读取：../users/1692138502%40qq.com/user.json，数据：{"username":"Mr.C.Woods","level":11,"points":24350,"used_space_kb":5699}
[16-Feb-2026 23:46:27 PRC] [主流程] Cookie中读取的user_token：2a64dbe4aaadb84bf28bc4dc1ffc0561cfeec04cdbf0c8bf0564d83506d9cff7 | 是否为空：否
[16-Feb-2026 23:46:27 PRC] [登录检测] 传入Token：2a64dbe4aaadb84bf28bc4dc1ffc0561cfeec04cdbf0c8bf0564d83506d9cff7 | 清理后：2a64dbe4aaadb84bf28bc4dc1ffc0561cfeec04cdbf0c8bf0564d83506d9cff7 | 长度：64
[16-Feb-2026 23:46:27 PRC] [登录检测] Token匹配成功，用户邮箱：1692138502@qq.com
[16-Feb-2026 23:46:27 PRC] [主流程] Token验证结果：成功（1692138502@qq.com）
[16-Feb-2026 23:46:27 PRC] [用户数据路径] 生成路径：../users/1692138502%40qq.com/user.json
[16-Feb-2026 23:46:27 PRC] [读取用户数据] 尝试读取文件：../users/1692138502%40qq.com/user.json
[16-Feb-2026 23:46:27 PRC] [读取用户数据] 成功读取：../users/1692138502%40qq.com/user.json，数据：{"username":"Mr.C.Woods","level":11,"points":24350,"used_space_kb":5699}
[16-Feb-2026 23:46:27 PRC] [用户数据路径] 生成路径：../users/1692138502%40qq.com/user.json
[16-Feb-2026 23:46:27 PRC] [读取用户数据] 尝试读取文件：../users/1692138502%40qq.com/user.json
[16-Feb-2026 23:46:27 PRC] [读取用户数据] 成功读取：../users/1692138502%40qq.com/user.json，数据：{"username":"Mr.C.Woods","level":11,"points":24350,"used_space_kb":5699}
[16-Feb-2026 23:46:27 PRC] [用户数据路径] 生成路径：../users/1692138502%40qq.com/user.json
[16-Feb-2026 23:46:27 PRC] [读取用户数据] 尝试读取文件：../users/1692138502%40qq.com/user.json
[16-Feb-2026 23:46:27 PRC] [读取用户数据] 成功读取：../users/1692138502%40qq.com/user.json，数据：{"username":"Mr.C.Woods","level":11,"points":24350,"used_space_kb":5699}
[16-Feb-2026 23:46:50 PRC] [主流程] Cookie中读取的user_token：2a64dbe4aaadb84bf28bc4dc1ffc0561cfeec04cdbf0c8bf0564d83506d9cff7 | 是否为空：否
[16-Feb-2026 23:46:50 PRC] [登录检测] 传入Token：2a64dbe4aaadb84bf28bc4dc1ffc0561cfeec04cdbf0c8bf0564d83506d9cff7 | 清理后：2a64dbe4aaadb84bf28bc4dc1ffc0561cfeec04cdbf0c8bf0564d83506d9cff7 | 长度：64
[16-Feb-2026 23:46:50 PRC] [登录检测] Token匹配成功，用户邮箱：1692138502@qq.com
[16-Feb-2026 23:46:50 PRC] [主流程] Token验证结果：成功（1692138502@qq.com）
[16-Feb-2026 23:46:50 PRC] [用户数据路径] 生成路径：../users/1692138502%40qq.com/user.json
[16-Feb-2026 23:46:50 PRC] [读取用户数据] 尝试读取文件：../users/1692138502%40qq.com/user.json
[16-Feb-2026 23:46:50 PRC] [读取用户数据] 成功读取：../users/1692138502%40qq.com/user.json，数据：{"username":"Mr.C.Woods","level":11,"points":24350,"used_space_kb":5699}
[16-Feb-2026 23:46:50 PRC] [用户数据路径] 生成路径：../users/1692138502%40qq.com/user.json
[16-Feb-2026 23:46:50 PRC] [读取用户数据] 尝试读取文件：../users/1692138502%40qq.com/user.json
[16-Feb-2026 23:46:50 PRC] [读取用户数据] 成功读取：../users/1692138502%40qq.com/user.json，数据：{"username":"Mr.C.Woods","level":11,"points":24350,"used_space_kb":5699}
[16-Feb-2026 23:46:50 PRC] [用户数据路径] 生成路径：../users/1692138502%40qq.com/user.json
[16-Feb-2026 23:46:50 PRC] [读取用户数据] 尝试读取文件：../users/1692138502%40qq.com/user.json
[16-Feb-2026 23:46:50 PRC] [读取用户数据] 成功读取：../users/1692138502%40qq.com/user.json，数据：{"username":"Mr.C.Woods","level":11,"points":24350,"used_space_kb":5699}
[16-Feb-2026 23:47:15 PRC] [主流程] Cookie中读取的user_token：2a64dbe4aaadb84bf28bc4dc1ffc0561cfeec04cdbf0c8bf0564d83506d9cff7 | 是否为空：否
[16-Feb-2026 23:47:15 PRC] [登录检测] 传入Token：2a64dbe4aaadb84bf28bc4dc1ffc0561cfeec04cdbf0c8bf0564d83506d9cff7 | 清理后：2a64dbe4aaadb84bf28bc4dc1ffc0561cfeec04cdbf0c8bf0564d83506d9cff7 | 长度：64
[16-Feb-2026 23:47:15 PRC] [登录检测] Token匹配成功，用户邮箱：1692138502@qq.com
[16-Feb-2026 23:47:15 PRC] [主流程] Token验证结果：成功（1692138502@qq.com）
[16-Feb-2026 23:47:15 PRC] [用户数据路径] 生成路径：../users/1692138502%40qq.com/user.json
[16-Feb-2026 23:47:15 PRC] [读取用户数据] 尝试读取文件：../users/1692138502%40qq.com/user.json
[16-Feb-2026 23:47:15 PRC] [读取用户数据] 成功读取：../users/1692138502%40qq.com/user.json，数据：{"username":"Mr.C.Woods","level":11,"points":24350,"used_space_kb":5699}
[16-Feb-2026 23:47:15 PRC] [用户数据路径] 生成路径：../users/1692138502%40qq.com/user.json
[16-Feb-2026 23:47:15 PRC] [读取用户数据] 尝试读取文件：../users/1692138502%40qq.com/user.json
[16-Feb-2026 23:47:15 PRC] [读取用户数据] 成功读取：../users/1692138502%40qq.com/user.json，数据：{"username":"Mr.C.Woods","level":11,"points":24350,"used_space_kb":5699}
[16-Feb-2026 23:47:15 PRC] [用户数据路径] 生成路径：../users/1692138502%40qq.com/user.json
[16-Feb-2026 23:47:15 PRC] [读取用户数据] 尝试读取文件：../users/1692138502%40qq.com/user.json
[16-Feb-2026 23:47:15 PRC] [读取用户数据] 成功读取：../users/1692138502%40qq.com/user.json，数据：{"username":"Mr.C.Woods","level":11,"points":24350,"used_space_kb":5699}
[16-Feb-2026 23:48:58 PRC] [主流程] Cookie中读取的user_token：2a64dbe4aaadb84bf28bc4dc1ffc0561cfeec04cdbf0c8bf0564d83506d9cff7 | 是否为空：否
[16-Feb-2026 23:48:58 PRC] [登录检测] 传入Token：2a64dbe4aaadb84bf28bc4dc1ffc0561cfeec04cdbf0c8bf0564d83506d9cff7 | 清理后：2a64dbe4aaadb84bf28bc4dc1ffc0561cfeec04cdbf0c8bf0564d83506d9cff7 | 长度：64
[16-Feb-2026 23:48:58 PRC] [登录检测] Token匹配成功，用户邮箱：1692138502@qq.com
[16-Feb-2026 23:48:58 PRC] [主流程] Token验证结果：成功（1692138502@qq.com）
[16-Feb-2026 23:48:58 PRC] [用户数据路径] 生成路径：../users/1692138502%40qq.com/user.json
[16-Feb-2026 23:48:58 PRC] [读取用户数据] 尝试读取文件：../users/1692138502%40qq.com/user.json
[16-Feb-2026 23:48:58 PRC] [读取用户数据] 成功读取：../users/1692138502%40qq.com/user.json，数据：{"username":"Mr.C.Woods","level":11,"points":24350,"used_space_kb":5699}
[16-Feb-2026 23:48:58 PRC] [用户数据路径] 生成路径：../users/1692138502%40qq.com/user.json
[16-Feb-2026 23:48:58 PRC] [读取用户数据] 尝试读取文件：../users/1692138502%40qq.com/user.json
[16-Feb-2026 23:48:58 PRC] [读取用户数据] 成功读取：../users/1692138502%40qq.com/user.json，数据：{"username":"Mr.C.Woods","level":11,"points":24350,"used_space_kb":5699}
[16-Feb-2026 23:48:58 PRC] [用户数据路径] 生成路径：../users/1692138502%40qq.com/user.json
[16-Feb-2026 23:48:58 PRC] [读取用户数据] 尝试读取文件：../users/1692138502%40qq.com/user.json
[16-Feb-2026 23:48:58 PRC] [读取用户数据] 成功读取：../users/1692138502%40qq.com/user.json，数据：{"username":"Mr.C.Woods","level":11,"points":24350,"used_space_kb":5699}
[16-Feb-2026 23:50:38 PRC] [主流程] Cookie中读取的user_token：2a64dbe4aaadb84bf28bc4dc1ffc0561cfeec04cdbf0c8bf0564d83506d9cff7 | 是否为空：否
[16-Feb-2026 23:50:38 PRC] [登录检测] 传入Token：2a64dbe4aaadb84bf28bc4dc1ffc0561cfeec04cdbf0c8bf0564d83506d9cff7 | 清理后：2a64dbe4aaadb84bf28bc4dc1ffc0561cfeec04cdbf0c8bf0564d83506d9cff7 | 长度：64
[16-Feb-2026 23:50:38 PRC] [登录检测] Token匹配成功，用户邮箱：1692138502@qq.com
[16-Feb-2026 23:50:38 PRC] [主流程] Token验证结果：成功（1692138502@qq.com）
[16-Feb-2026 23:50:38 PRC] [用户数据路径] 生成路径：../users/1692138502%40qq.com/user.json
[16-Feb-2026 23:50:38 PRC] [读取用户数据] 尝试读取文件：../users/1692138502%40qq.com/user.json
[16-Feb-2026 23:50:38 PRC] [读取用户数据] 成功读取：../users/1692138502%40qq.com/user.json，数据：{"username":"Mr.C.Woods","level":11,"points":24350,"used_space_kb":5699}
[16-Feb-2026 23:50:38 PRC] [用户数据路径] 生成路径：../users/1692138502%40qq.com/user.json
[16-Feb-2026 23:50:38 PRC] [读取用户数据] 尝试读取文件：../users/1692138502%40qq.com/user.json
[16-Feb-2026 23:50:38 PRC] [读取用户数据] 成功读取：../users/1692138502%40qq.com/user.json，数据：{"username":"Mr.C.Woods","level":11,"points":24350,"used_space_kb":5699}
[16-Feb-2026 23:50:38 PRC] [用户数据路径] 生成路径：../users/1692138502%40qq.com/user.json
[16-Feb-2026 23:50:38 PRC] [读取用户数据] 尝试读取文件：../users/1692138502%40qq.com/user.json
[16-Feb-2026 23:50:38 PRC] [读取用户数据] 成功读取：../users/1692138502%40qq.com/user.json，数据：{"username":"Mr.C.Woods","level":11,"points":24350,"used_space_kb":5699}
[16-Feb-2026 23:50:49 PRC] [主流程] Cookie中读取的user_token：2a64dbe4aaadb84bf28bc4dc1ffc0561cfeec04cdbf0c8bf0564d83506d9cff7 | 是否为空：否
[16-Feb-2026 23:50:49 PRC] [登录检测] 传入Token：2a64dbe4aaadb84bf28bc4dc1ffc0561cfeec04cdbf0c8bf0564d83506d9cff7 | 清理后：2a64dbe4aaadb84bf28bc4dc1ffc0561cfeec04cdbf0c8bf0564d83506d9cff7 | 长度：64
[16-Feb-2026 23:50:49 PRC] [登录检测] Token匹配成功，用户邮箱：1692138502@qq.com
[16-Feb-2026 23:50:49 PRC] [主流程] Token验证结果：成功（1692138502@qq.com）
[16-Feb-2026 23:50:49 PRC] [用户数据路径] 生成路径：../users/1692138502%40qq.com/user.json
[16-Feb-2026 23:50:49 PRC] [读取用户数据] 尝试读取文件：../users/1692138502%40qq.com/user.json
[16-Feb-2026 23:50:49 PRC] [读取用户数据] 成功读取：../users/1692138502%40qq.com/user.json，数据：{"username":"Mr.C.Woods","level":11,"points":24350,"used_space_kb":5699}
[16-Feb-2026 23:50:49 PRC] [用户数据路径] 生成路径：../users/1692138502%40qq.com/user.json
[16-Feb-2026 23:50:49 PRC] [读取用户数据] 尝试读取文件：../users/1692138502%40qq.com/user.json
[16-Feb-2026 23:50:49 PRC] [读取用户数据] 成功读取：../users/1692138502%40qq.com/user.json，数据：{"username":"Mr.C.Woods","level":11,"points":24350,"used_space_kb":5699}
[16-Feb-2026 23:50:49 PRC] [用户数据路径] 生成路径：../users/1692138502%40qq.com/user.json
[16-Feb-2026 23:50:49 PRC] [读取用户数据] 尝试读取文件：../users/1692138502%40qq.com/user.json
[16-Feb-2026 23:50:49 PRC] [读取用户数据] 成功读取：../users/1692138502%40qq.com/user.json，数据：{"username":"Mr.C.Woods","level":11,"points":24350,"used_space_kb":5699}
[16-Feb-2026 23:51:58 PRC] [主流程] Cookie中读取的user_token：16ca37d5938d6b1207a98e4efb17a88cd2fbdc2d4aaa7e2c5bbe5fe607ee695e | 是否为空：否
[16-Feb-2026 23:51:58 PRC] [登录检测] 传入Token：16ca37d5938d6b1207a98e4efb17a88cd2fbdc2d4aaa7e2c5bbe5fe607ee695e | 清理后：16ca37d5938d6b1207a98e4efb17a88cd2fbdc2d4aaa7e2c5bbe5fe607ee695e | 长度：64
[16-Feb-2026 23:51:58 PRC] [登录检测] Token匹配成功，用户邮箱：mail@mrcwoods.com
[16-Feb-2026 23:51:58 PRC] [主流程] Token验证结果：成功（mail@mrcwoods.com）
[16-Feb-2026 23:51:58 PRC] [用户数据路径] 生成路径：../users/mail%40mrcwoods.com/user.json
[16-Feb-2026 23:51:58 PRC] [读取用户数据] 尝试读取文件：../users/mail%40mrcwoods.com/user.json
[16-Feb-2026 23:51:58 PRC] [读取用户数据] 成功读取：../users/mail%40mrcwoods.com/user.json，数据：{"username":"mrcwoods","level":1,"points":74,"used_space_kb":0}
[16-Feb-2026 23:51:58 PRC] [用户数据路径] 生成路径：../users/mail%40mrcwoods.com/user.json
[16-Feb-2026 23:51:58 PRC] [读取用户数据] 尝试读取文件：../users/mail%40mrcwoods.com/user.json
[16-Feb-2026 23:51:58 PRC] [读取用户数据] 成功读取：../users/mail%40mrcwoods.com/user.json，数据：{"username":"mrcwoods","level":1,"points":74,"used_space_kb":0}
[16-Feb-2026 23:51:58 PRC] [用户数据路径] 生成路径：../users/mail%40mrcwoods.com/user.json
[16-Feb-2026 23:51:58 PRC] [读取用户数据] 尝试读取文件：../users/mail%40mrcwoods.com/user.json
[16-Feb-2026 23:51:58 PRC] [读取用户数据] 成功读取：../users/mail%40mrcwoods.com/user.json，数据：{"username":"mrcwoods","level":1,"points":74,"used_space_kb":0}
[16-Feb-2026 23:52:15 PRC] [主流程] Cookie中读取的user_token：16ca37d5938d6b1207a98e4efb17a88cd2fbdc2d4aaa7e2c5bbe5fe607ee695e | 是否为空：否
[16-Feb-2026 23:52:15 PRC] [登录检测] 传入Token：16ca37d5938d6b1207a98e4efb17a88cd2fbdc2d4aaa7e2c5bbe5fe607ee695e | 清理后：16ca37d5938d6b1207a98e4efb17a88cd2fbdc2d4aaa7e2c5bbe5fe607ee695e | 长度：64
[16-Feb-2026 23:52:15 PRC] [登录检测] Token匹配成功，用户邮箱：mail@mrcwoods.com
[16-Feb-2026 23:52:15 PRC] [主流程] Token验证结果：成功（mail@mrcwoods.com）
[16-Feb-2026 23:52:15 PRC] [用户数据路径] 生成路径：../users/mail%40mrcwoods.com/user.json
[16-Feb-2026 23:52:15 PRC] [读取用户数据] 尝试读取文件：../users/mail%40mrcwoods.com/user.json
[16-Feb-2026 23:52:15 PRC] [读取用户数据] 成功读取：../users/mail%40mrcwoods.com/user.json，数据：{"username":"mrcwoods","level":1,"points":94,"used_space_kb":0}
[16-Feb-2026 23:52:15 PRC] [用户数据路径] 生成路径：../users/mail%40mrcwoods.com/user.json
[16-Feb-2026 23:52:15 PRC] [读取用户数据] 尝试读取文件：../users/mail%40mrcwoods.com/user.json
[16-Feb-2026 23:52:15 PRC] [读取用户数据] 成功读取：../users/mail%40mrcwoods.com/user.json，数据：{"username":"mrcwoods","level":1,"points":94,"used_space_kb":0}
[16-Feb-2026 23:52:15 PRC] [用户数据路径] 生成路径：../users/mail%40mrcwoods.com/user.json
[16-Feb-2026 23:52:15 PRC] [读取用户数据] 尝试读取文件：../users/mail%40mrcwoods.com/user.json
[16-Feb-2026 23:52:15 PRC] [读取用户数据] 成功读取：../users/mail%40mrcwoods.com/user.json，数据：{"username":"mrcwoods","level":1,"points":94,"used_space_kb":0}
[16-Feb-2026 23:53:05 PRC] [主流程] Cookie中读取的user_token：16ca37d5938d6b1207a98e4efb17a88cd2fbdc2d4aaa7e2c5bbe5fe607ee695e | 是否为空：否
[16-Feb-2026 23:53:05 PRC] [登录检测] 传入Token：16ca37d5938d6b1207a98e4efb17a88cd2fbdc2d4aaa7e2c5bbe5fe607ee695e | 清理后：16ca37d5938d6b1207a98e4efb17a88cd2fbdc2d4aaa7e2c5bbe5fe607ee695e | 长度：64
[16-Feb-2026 23:53:05 PRC] [登录检测] Token匹配成功，用户邮箱：mail@mrcwoods.com
[16-Feb-2026 23:53:05 PRC] [主流程] Token验证结果：成功（mail@mrcwoods.com）
[16-Feb-2026 23:53:05 PRC] [使用兑换码] 成功：69cd6351c1a3ae5a8bcefe9bff7dff610e6aaad05650879916e39167125369d4 (5积分)，已删除
[16-Feb-2026 23:53:05 PRC] [用户数据路径] 生成路径：../users/mail%40mrcwoods.com/user.json
[16-Feb-2026 23:53:05 PRC] [读取用户数据] 尝试读取文件：../users/mail%40mrcwoods.com/user.json
[16-Feb-2026 23:53:05 PRC] [读取用户数据] 成功读取：../users/mail%40mrcwoods.com/user.json，数据：{"username":"mrcwoods","level":1,"points":94,"used_space_kb":0}
[16-Feb-2026 23:53:05 PRC] [读取用户数据] 尝试读取文件：../users/mail%40mrcwoods.com/user.json
[16-Feb-2026 23:53:05 PRC] [读取用户数据] 成功读取：../users/mail%40mrcwoods.com/user.json，数据：{"username":"mrcwoods","level":1,"points":94,"used_space_kb":0}
[16-Feb-2026 23:53:05 PRC] [更新用户数据] 合并后数据：{"username":"mrcwoods","level":1,"points":99,"used_space_kb":0}
[16-Feb-2026 23:53:05 PRC] [更新用户数据] 成功写入：../users/mail%40mrcwoods.com/user.json
[16-Feb-2026 23:53:05 PRC] [读取用户数据] 尝试读取文件：../users/mail%40mrcwoods.com/user.json
[16-Feb-2026 23:53:05 PRC] [读取用户数据] 成功读取：../users/mail%40mrcwoods.com/user.json，数据：{"username":"mrcwoods","level":1,"points":99,"used_space_kb":0}
[16-Feb-2026 23:53:05 PRC] [用户数据路径] 生成路径：../users/mail%40mrcwoods.com/user.json
[16-Feb-2026 23:53:05 PRC] [读取用户数据] 尝试读取文件：../users/mail%40mrcwoods.com/user.json
[16-Feb-2026 23:53:05 PRC] [读取用户数据] 成功读取：../users/mail%40mrcwoods.com/user.json，数据：{"username":"mrcwoods","level":1,"points":99,"used_space_kb":0}
[16-Feb-2026 23:53:05 PRC] [用户数据路径] 生成路径：../users/mail%40mrcwoods.com/user.json
[16-Feb-2026 23:53:05 PRC] [读取用户数据] 尝试读取文件：../users/mail%40mrcwoods.com/user.json
[16-Feb-2026 23:53:05 PRC] [读取用户数据] 成功读取：../users/mail%40mrcwoods.com/user.json，数据：{"username":"mrcwoods","level":1,"points":99,"used_space_kb":0}
[16-Feb-2026 23:53:13 PRC] [主流程] Cookie中读取的user_token：16ca37d5938d6b1207a98e4efb17a88cd2fbdc2d4aaa7e2c5bbe5fe607ee695e | 是否为空：否
[16-Feb-2026 23:53:13 PRC] [登录检测] 传入Token：16ca37d5938d6b1207a98e4efb17a88cd2fbdc2d4aaa7e2c5bbe5fe607ee695e | 清理后：16ca37d5938d6b1207a98e4efb17a88cd2fbdc2d4aaa7e2c5bbe5fe607ee695e | 长度：64
[16-Feb-2026 23:53:13 PRC] [登录检测] Token匹配成功，用户邮箱：mail@mrcwoods.com
[16-Feb-2026 23:53:13 PRC] [主流程] Token验证结果：成功（mail@mrcwoods.com）
[16-Feb-2026 23:53:13 PRC] [用户数据路径] 生成路径：../users/mail%40mrcwoods.com/user.json
[16-Feb-2026 23:53:13 PRC] [读取用户数据] 尝试读取文件：../users/mail%40mrcwoods.com/user.json
[16-Feb-2026 23:53:13 PRC] [读取用户数据] 成功读取：../users/mail%40mrcwoods.com/user.json，数据：{"username":"mrcwoods","level":1,"points":99,"used_space_kb":0}
[16-Feb-2026 23:53:13 PRC] [用户数据路径] 生成路径：../users/mail%40mrcwoods.com/user.json
[16-Feb-2026 23:53:13 PRC] [读取用户数据] 尝试读取文件：../users/mail%40mrcwoods.com/user.json
[16-Feb-2026 23:53:13 PRC] [读取用户数据] 成功读取：../users/mail%40mrcwoods.com/user.json，数据：{"username":"mrcwoods","level":1,"points":99,"used_space_kb":0}
[16-Feb-2026 23:53:13 PRC] [用户数据路径] 生成路径：../users/mail%40mrcwoods.com/user.json
[16-Feb-2026 23:53:13 PRC] [读取用户数据] 尝试读取文件：../users/mail%40mrcwoods.com/user.json
[16-Feb-2026 23:53:13 PRC] [读取用户数据] 成功读取：../users/mail%40mrcwoods.com/user.json，数据：{"username":"mrcwoods","level":1,"points":99,"used_space_kb":0}
[16-Feb-2026 23:53:19 PRC] [主流程] Cookie中读取的user_token：16ca37d5938d6b1207a98e4efb17a88cd2fbdc2d4aaa7e2c5bbe5fe607ee695e | 是否为空：否
[16-Feb-2026 23:53:19 PRC] [登录检测] 传入Token：16ca37d5938d6b1207a98e4efb17a88cd2fbdc2d4aaa7e2c5bbe5fe607ee695e | 清理后：16ca37d5938d6b1207a98e4efb17a88cd2fbdc2d4aaa7e2c5bbe5fe607ee695e | 长度：64
[16-Feb-2026 23:53:19 PRC] [登录检测] Token匹配成功，用户邮箱：mail@mrcwoods.com
[16-Feb-2026 23:53:19 PRC] [主流程] Token验证结果：成功（mail@mrcwoods.com）
[16-Feb-2026 23:53:19 PRC] [用户数据路径] 生成路径：../users/mail%40mrcwoods.com/user.json
[16-Feb-2026 23:53:19 PRC] [读取用户数据] 尝试读取文件：../users/mail%40mrcwoods.com/user.json
[16-Feb-2026 23:53:19 PRC] [读取用户数据] 成功读取：../users/mail%40mrcwoods.com/user.json，数据：{"username":"mrcwoods","level":1,"points":99,"used_space_kb":0}
[16-Feb-2026 23:53:19 PRC] [读取用户数据] 尝试读取文件：../users/mail%40mrcwoods.com/user.json
[16-Feb-2026 23:53:19 PRC] [读取用户数据] 成功读取：../users/mail%40mrcwoods.com/user.json，数据：{"username":"mrcwoods","level":1,"points":99,"used_space_kb":0}
[16-Feb-2026 23:53:19 PRC] [更新用户数据] 合并后数据：{"username":"mrcwoods","level":2,"points":0,"used_space_kb":0}
[16-Feb-2026 23:53:19 PRC] [更新用户数据] 成功写入：../users/mail%40mrcwoods.com/user.json
[16-Feb-2026 23:53:19 PRC] [读取用户数据] 尝试读取文件：../users/mail%40mrcwoods.com/user.json
[16-Feb-2026 23:53:19 PRC] [读取用户数据] 成功读取：../users/mail%40mrcwoods.com/user.json，数据：{"username":"mrcwoods","level":2,"points":0,"used_space_kb":0}
[16-Feb-2026 23:53:19 PRC] [用户数据路径] 生成路径：../users/mail%40mrcwoods.com/user.json
[16-Feb-2026 23:53:19 PRC] [读取用户数据] 尝试读取文件：../users/mail%40mrcwoods.com/user.json
[16-Feb-2026 23:53:19 PRC] [读取用户数据] 成功读取：../users/mail%40mrcwoods.com/user.json，数据：{"username":"mrcwoods","level":2,"points":0,"used_space_kb":0}
[16-Feb-2026 23:53:19 PRC] [用户数据路径] 生成路径：../users/mail%40mrcwoods.com/user.json
[16-Feb-2026 23:53:19 PRC] [读取用户数据] 尝试读取文件：../users/mail%40mrcwoods.com/user.json
[16-Feb-2026 23:53:19 PRC] [读取用户数据] 成功读取：../users/mail%40mrcwoods.com/user.json，数据：{"username":"mrcwoods","level":2,"points":0,"used_space_kb":0}
[16-Feb-2026 23:54:55 PRC] [主流程] Cookie中读取的user_token：16ca37d5938d6b1207a98e4efb17a88cd2fbdc2d4aaa7e2c5bbe5fe607ee695e | 是否为空：否
[16-Feb-2026 23:54:55 PRC] [登录检测] 传入Token：16ca37d5938d6b1207a98e4efb17a88cd2fbdc2d4aaa7e2c5bbe5fe607ee695e | 清理后：16ca37d5938d6b1207a98e4efb17a88cd2fbdc2d4aaa7e2c5bbe5fe607ee695e | 长度：64
[16-Feb-2026 23:54:55 PRC] [登录检测] Token匹配成功，用户邮箱：mail@mrcwoods.com
[16-Feb-2026 23:54:55 PRC] [主流程] Token验证结果：成功（mail@mrcwoods.com）
[16-Feb-2026 23:54:55 PRC] [用户数据路径] 生成路径：../users/mail%40mrcwoods.com/user.json
[16-Feb-2026 23:54:55 PRC] [读取用户数据] 尝试读取文件：../users/mail%40mrcwoods.com/user.json
[16-Feb-2026 23:54:55 PRC] [读取用户数据] 成功读取：../users/mail%40mrcwoods.com/user.json，数据：{"username":"mrcwoods","level":2,"points":0,"used_space_kb":0}
[16-Feb-2026 23:54:55 PRC] [用户数据路径] 生成路径：../users/mail%40mrcwoods.com/user.json
[16-Feb-2026 23:54:55 PRC] [读取用户数据] 尝试读取文件：../users/mail%40mrcwoods.com/user.json
[16-Feb-2026 23:54:55 PRC] [读取用户数据] 成功读取：../users/mail%40mrcwoods.com/user.json，数据：{"username":"mrcwoods","level":2,"points":0,"used_space_kb":0}
[16-Feb-2026 23:54:55 PRC] [用户数据路径] 生成路径：../users/mail%40mrcwoods.com/user.json
[16-Feb-2026 23:54:55 PRC] [读取用户数据] 尝试读取文件：../users/mail%40mrcwoods.com/user.json
[16-Feb-2026 23:54:55 PRC] [读取用户数据] 成功读取：../users/mail%40mrcwoods.com/user.json，数据：{"username":"mrcwoods","level":2,"points":0,"used_space_kb":0}
[16-Feb-2026 23:56:11 PRC] [主流程] Cookie中读取的user_token：16ca37d5938d6b1207a98e4efb17a88cd2fbdc2d4aaa7e2c5bbe5fe607ee695e | 是否为空：否
[16-Feb-2026 23:56:11 PRC] [登录检测] 传入Token：16ca37d5938d6b1207a98e4efb17a88cd2fbdc2d4aaa7e2c5bbe5fe607ee695e | 清理后：16ca37d5938d6b1207a98e4efb17a88cd2fbdc2d4aaa7e2c5bbe5fe607ee695e | 长度：64
[16-Feb-2026 23:56:11 PRC] [登录检测] Token匹配成功，用户邮箱：mail@mrcwoods.com
[16-Feb-2026 23:56:11 PRC] [主流程] Token验证结果：成功（mail@mrcwoods.com）
[16-Feb-2026 23:56:11 PRC] [用户数据路径] 生成路径：../users/mail%40mrcwoods.com/user.json
[16-Feb-2026 23:56:11 PRC] [读取用户数据] 尝试读取文件：../users/mail%40mrcwoods.com/user.json
[16-Feb-2026 23:56:11 PRC] [读取用户数据] 成功读取：../users/mail%40mrcwoods.com/user.json，数据：{"username":"mrcwoods","level":2,"points":0,"used_space_kb":0}
[16-Feb-2026 23:56:11 PRC] [用户数据路径] 生成路径：../users/mail%40mrcwoods.com/user.json
[16-Feb-2026 23:56:11 PRC] [读取用户数据] 尝试读取文件：../users/mail%40mrcwoods.com/user.json
[16-Feb-2026 23:56:11 PRC] [读取用户数据] 成功读取：../users/mail%40mrcwoods.com/user.json，数据：{"username":"mrcwoods","level":2,"points":0,"used_space_kb":0}
[16-Feb-2026 23:56:11 PRC] [用户数据路径] 生成路径：../users/mail%40mrcwoods.com/user.json
[16-Feb-2026 23:56:11 PRC] [读取用户数据] 尝试读取文件：../users/mail%40mrcwoods.com/user.json
[16-Feb-2026 23:56:11 PRC] [读取用户数据] 成功读取：../users/mail%40mrcwoods.com/user.json，数据：{"username":"mrcwoods","level":2,"points":0,"used_space_kb":0}
[16-Feb-2026 23:56:37 PRC] [主流程] Cookie中读取的user_token：16ca37d5938d6b1207a98e4efb17a88cd2fbdc2d4aaa7e2c5bbe5fe607ee695e | 是否为空：否
[16-Feb-2026 23:56:37 PRC] [登录检测] 传入Token：16ca37d5938d6b1207a98e4efb17a88cd2fbdc2d4aaa7e2c5bbe5fe607ee695e | 清理后：16ca37d5938d6b1207a98e4efb17a88cd2fbdc2d4aaa7e2c5bbe5fe607ee695e | 长度：64
[16-Feb-2026 23:56:37 PRC] [登录检测] Token匹配成功，用户邮箱：mail@mrcwoods.com
[16-Feb-2026 23:56:37 PRC] [主流程] Token验证结果：成功（mail@mrcwoods.com）
[16-Feb-2026 23:56:37 PRC] [用户数据路径] 生成路径：../users/mail%40mrcwoods.com/user.json
[16-Feb-2026 23:56:37 PRC] [读取用户数据] 尝试读取文件：../users/mail%40mrcwoods.com/user.json
[16-Feb-2026 23:56:37 PRC] [读取用户数据] 成功读取：../users/mail%40mrcwoods.com/user.json，数据：{"username":"mrcwoods","level":2,"points":0,"used_space_kb":0}
[16-Feb-2026 23:56:37 PRC] [用户数据路径] 生成路径：../users/mail%40mrcwoods.com/user.json
[16-Feb-2026 23:56:37 PRC] [读取用户数据] 尝试读取文件：../users/mail%40mrcwoods.com/user.json
[16-Feb-2026 23:56:37 PRC] [读取用户数据] 成功读取：../users/mail%40mrcwoods.com/user.json，数据：{"username":"mrcwoods","level":2,"points":0,"used_space_kb":0}
[16-Feb-2026 23:56:37 PRC] [用户数据路径] 生成路径：../users/mail%40mrcwoods.com/user.json
[16-Feb-2026 23:56:37 PRC] [读取用户数据] 尝试读取文件：../users/mail%40mrcwoods.com/user.json
[16-Feb-2026 23:56:37 PRC] [读取用户数据] 成功读取：../users/mail%40mrcwoods.com/user.json，数据：{"username":"mrcwoods","level":2,"points":0,"used_space_kb":0}
[16-Feb-2026 23:57:06 PRC] [主流程] Cookie中读取的user_token：16ca37d5938d6b1207a98e4efb17a88cd2fbdc2d4aaa7e2c5bbe5fe607ee695e | 是否为空：否
[16-Feb-2026 23:57:06 PRC] [登录检测] 传入Token：16ca37d5938d6b1207a98e4efb17a88cd2fbdc2d4aaa7e2c5bbe5fe607ee695e | 清理后：16ca37d5938d6b1207a98e4efb17a88cd2fbdc2d4aaa7e2c5bbe5fe607ee695e | 长度：64
[16-Feb-2026 23:57:06 PRC] [登录检测] Token匹配成功，用户邮箱：mail@mrcwoods.com
[16-Feb-2026 23:57:06 PRC] [主流程] Token验证结果：成功（mail@mrcwoods.com）
[16-Feb-2026 23:57:06 PRC] [用户数据路径] 生成路径：../users/mail%40mrcwoods.com/user.json
[16-Feb-2026 23:57:06 PRC] [读取用户数据] 尝试读取文件：../users/mail%40mrcwoods.com/user.json
[16-Feb-2026 23:57:06 PRC] [读取用户数据] 成功读取：../users/mail%40mrcwoods.com/user.json，数据：{"username":"mrcwoods","level":2,"points":0,"used_space_kb":0}
[16-Feb-2026 23:57:06 PRC] [用户数据路径] 生成路径：../users/mail%40mrcwoods.com/user.json
[16-Feb-2026 23:57:06 PRC] [读取用户数据] 尝试读取文件：../users/mail%40mrcwoods.com/user.json
[16-Feb-2026 23:57:06 PRC] [读取用户数据] 成功读取：../users/mail%40mrcwoods.com/user.json，数据：{"username":"mrcwoods","level":2,"points":0,"used_space_kb":0}
[16-Feb-2026 23:57:06 PRC] [用户数据路径] 生成路径：../users/mail%40mrcwoods.com/user.json
[16-Feb-2026 23:57:06 PRC] [读取用户数据] 尝试读取文件：../users/mail%40mrcwoods.com/user.json
[16-Feb-2026 23:57:06 PRC] [读取用户数据] 成功读取：../users/mail%40mrcwoods.com/user.json，数据：{"username":"mrcwoods","level":2,"points":0,"used_space_kb":0}
[17-Feb-2026 00:05:14 PRC] [主流程] Cookie中读取的user_token：16ca37d5938d6b1207a98e4efb17a88cd2fbdc2d4aaa7e2c5bbe5fe607ee695e | 是否为空：否
[17-Feb-2026 00:05:14 PRC] [登录检测] 传入Token：16ca37d5938d6b1207a98e4efb17a88cd2fbdc2d4aaa7e2c5bbe5fe607ee695e | 清理后：16ca37d5938d6b1207a98e4efb17a88cd2fbdc2d4aaa7e2c5bbe5fe607ee695e | 长度：64
[17-Feb-2026 00:05:14 PRC] [登录检测] Token匹配成功，用户邮箱：mail@mrcwoods.com
[17-Feb-2026 00:05:14 PRC] [主流程] Token验证结果：成功（mail@mrcwoods.com）
[17-Feb-2026 00:05:14 PRC] [用户数据路径] 生成路径：../users/mail%40mrcwoods.com/user.json
[17-Feb-2026 00:05:14 PRC] [读取用户数据] 尝试读取文件：../users/mail%40mrcwoods.com/user.json
[17-Feb-2026 00:05:14 PRC] [读取用户数据] 成功读取：../users/mail%40mrcwoods.com/user.json，数据：{"username":"mrcwoods","level":2,"points":0,"used_space_kb":0}
[17-Feb-2026 00:05:14 PRC] [用户数据路径] 生成路径：../users/mail%40mrcwoods.com/user.json
[17-Feb-2026 00:05:14 PRC] [读取用户数据] 尝试读取文件：../users/mail%40mrcwoods.com/user.json
[17-Feb-2026 00:05:14 PRC] [读取用户数据] 成功读取：../users/mail%40mrcwoods.com/user.json，数据：{"username":"mrcwoods","level":2,"points":0,"used_space_kb":0}
[17-Feb-2026 00:05:14 PRC] [用户数据路径] 生成路径：../users/mail%40mrcwoods.com/user.json
[17-Feb-2026 00:05:14 PRC] [读取用户数据] 尝试读取文件：../users/mail%40mrcwoods.com/user.json
[17-Feb-2026 00:05:14 PRC] [读取用户数据] 成功读取：../users/mail%40mrcwoods.com/user.json，数据：{"username":"mrcwoods","level":2,"points":0,"used_space_kb":0}
[17-Feb-2026 00:08:09 PRC] [主流程] Cookie中读取的user_token：16ca37d5938d6b1207a98e4efb17a88cd2fbdc2d4aaa7e2c5bbe5fe607ee695e | 是否为空：否
[17-Feb-2026 00:08:09 PRC] [登录检测] 传入Token：16ca37d5938d6b1207a98e4efb17a88cd2fbdc2d4aaa7e2c5bbe5fe607ee695e | 清理后：16ca37d5938d6b1207a98e4efb17a88cd2fbdc2d4aaa7e2c5bbe5fe607ee695e | 长度：64
[17-Feb-2026 00:08:09 PRC] [登录检测] Token匹配成功，用户邮箱：mail@mrcwoods.com
[17-Feb-2026 00:08:09 PRC] [主流程] Token验证结果：成功（mail@mrcwoods.com）
[17-Feb-2026 00:08:09 PRC] [用户数据路径] 生成路径：../users/mail%40mrcwoods.com/user.json
[17-Feb-2026 00:08:09 PRC] [读取用户数据] 尝试读取文件：../users/mail%40mrcwoods.com/user.json
[17-Feb-2026 00:08:09 PRC] [读取用户数据] 成功读取：../users/mail%40mrcwoods.com/user.json，数据：{"username":"mrcwoods","level":2,"points":0,"used_space_kb":0}
[17-Feb-2026 00:08:09 PRC] [用户数据路径] 生成路径：../users/mail%40mrcwoods.com/user.json
[17-Feb-2026 00:08:09 PRC] [读取用户数据] 尝试读取文件：../users/mail%40mrcwoods.com/user.json
[17-Feb-2026 00:08:09 PRC] [读取用户数据] 成功读取：../users/mail%40mrcwoods.com/user.json，数据：{"username":"mrcwoods","level":2,"points":0,"used_space_kb":0}
[17-Feb-2026 00:08:09 PRC] [用户数据路径] 生成路径：../users/mail%40mrcwoods.com/user.json
[17-Feb-2026 00:08:09 PRC] [读取用户数据] 尝试读取文件：../users/mail%40mrcwoods.com/user.json
[17-Feb-2026 00:08:09 PRC] [读取用户数据] 成功读取：../users/mail%40mrcwoods.com/user.json，数据：{"username":"mrcwoods","level":2,"points":0,"used_space_kb":0}
[17-Feb-2026 00:08:12 PRC] [主流程] Cookie中读取的user_token：16ca37d5938d6b1207a98e4efb17a88cd2fbdc2d4aaa7e2c5bbe5fe607ee695e | 是否为空：否
[17-Feb-2026 00:08:12 PRC] [登录检测] 传入Token：16ca37d5938d6b1207a98e4efb17a88cd2fbdc2d4aaa7e2c5bbe5fe607ee695e | 清理后：16ca37d5938d6b1207a98e4efb17a88cd2fbdc2d4aaa7e2c5bbe5fe607ee695e | 长度：64
[17-Feb-2026 00:08:12 PRC] [登录检测] Token匹配成功，用户邮箱：mail@mrcwoods.com
[17-Feb-2026 00:08:12 PRC] [主流程] Token验证结果：成功（mail@mrcwoods.com）
[17-Feb-2026 00:08:12 PRC] [用户数据路径] 生成路径：../users/mail%40mrcwoods.com/user.json
[17-Feb-2026 00:08:12 PRC] [读取用户数据] 尝试读取文件：../users/mail%40mrcwoods.com/user.json
[17-Feb-2026 00:08:12 PRC] [读取用户数据] 成功读取：../users/mail%40mrcwoods.com/user.json，数据：{"username":"mrcwoods","level":2,"points":0,"used_space_kb":0}
[17-Feb-2026 00:08:12 PRC] [用户数据路径] 生成路径：../users/mail%40mrcwoods.com/user.json
[17-Feb-2026 00:08:12 PRC] [读取用户数据] 尝试读取文件：../users/mail%40mrcwoods.com/user.json
[17-Feb-2026 00:08:12 PRC] [读取用户数据] 成功读取：../users/mail%40mrcwoods.com/user.json，数据：{"username":"mrcwoods","level":2,"points":0,"used_space_kb":0}
[17-Feb-2026 00:08:12 PRC] [用户数据路径] 生成路径：../users/mail%40mrcwoods.com/user.json
[17-Feb-2026 00:08:12 PRC] [读取用户数据] 尝试读取文件：../users/mail%40mrcwoods.com/user.json
[17-Feb-2026 00:08:12 PRC] [读取用户数据] 成功读取：../users/mail%40mrcwoods.com/user.json，数据：{"username":"mrcwoods","level":2,"points":0,"used_space_kb":0}
[17-Feb-2026 00:09:02 PRC] [主流程] Cookie中读取的user_token：16ca37d5938d6b1207a98e4efb17a88cd2fbdc2d4aaa7e2c5bbe5fe607ee695e | 是否为空：否
[17-Feb-2026 00:09:02 PRC] [登录检测] 传入Token：16ca37d5938d6b1207a98e4efb17a88cd2fbdc2d4aaa7e2c5bbe5fe607ee695e | 清理后：16ca37d5938d6b1207a98e4efb17a88cd2fbdc2d4aaa7e2c5bbe5fe607ee695e | 长度：64
[17-Feb-2026 00:09:02 PRC] [登录检测] Token匹配成功，用户邮箱：mail@mrcwoods.com
[17-Feb-2026 00:09:02 PRC] [主流程] Token验证结果：成功（mail@mrcwoods.com）
[17-Feb-2026 00:09:02 PRC] [用户数据路径] 生成路径：../users/mail%40mrcwoods.com/user.json
[17-Feb-2026 00:09:02 PRC] [读取用户数据] 尝试读取文件：../users/mail%40mrcwoods.com/user.json
[17-Feb-2026 00:09:02 PRC] [读取用户数据] 成功读取：../users/mail%40mrcwoods.com/user.json，数据：{"username":"mrcwoods","level":2,"points":0,"used_space_kb":0}
[17-Feb-2026 00:09:02 PRC] [用户数据路径] 生成路径：../users/mail%40mrcwoods.com/user.json
[17-Feb-2026 00:09:02 PRC] [读取用户数据] 尝试读取文件：../users/mail%40mrcwoods.com/user.json
[17-Feb-2026 00:09:02 PRC] [读取用户数据] 成功读取：../users/mail%40mrcwoods.com/user.json，数据：{"username":"mrcwoods","level":2,"points":0,"used_space_kb":0}
[17-Feb-2026 00:09:02 PRC] [用户数据路径] 生成路径：../users/mail%40mrcwoods.com/user.json
[17-Feb-2026 00:09:02 PRC] [读取用户数据] 尝试读取文件：../users/mail%40mrcwoods.com/user.json
[17-Feb-2026 00:09:02 PRC] [读取用户数据] 成功读取：../users/mail%40mrcwoods.com/user.json，数据：{"username":"mrcwoods","level":2,"points":0,"used_space_kb":0}
[17-Feb-2026 00:09:18 PRC] [主流程] Cookie中读取的user_token：16ca37d5938d6b1207a98e4efb17a88cd2fbdc2d4aaa7e2c5bbe5fe607ee695e | 是否为空：否
[17-Feb-2026 00:09:18 PRC] [登录检测] 传入Token：16ca37d5938d6b1207a98e4efb17a88cd2fbdc2d4aaa7e2c5bbe5fe607ee695e | 清理后：16ca37d5938d6b1207a98e4efb17a88cd2fbdc2d4aaa7e2c5bbe5fe607ee695e | 长度：64
[17-Feb-2026 00:09:18 PRC] [登录检测] Token匹配成功，用户邮箱：mail@mrcwoods.com
[17-Feb-2026 00:09:18 PRC] [主流程] Token验证结果：成功（mail@mrcwoods.com）
[17-Feb-2026 00:09:18 PRC] [用户数据路径] 生成路径：../users/mail%40mrcwoods.com/user.json
[17-Feb-2026 00:09:18 PRC] [读取用户数据] 尝试读取文件：../users/mail%40mrcwoods.com/user.json
[17-Feb-2026 00:09:18 PRC] [读取用户数据] 成功读取：../users/mail%40mrcwoods.com/user.json，数据：{"username":"mrcwoods","level":2,"points":0,"used_space_kb":0}
[17-Feb-2026 00:09:18 PRC] [用户数据路径] 生成路径：../users/mail%40mrcwoods.com/user.json
[17-Feb-2026 00:09:18 PRC] [读取用户数据] 尝试读取文件：../users/mail%40mrcwoods.com/user.json
[17-Feb-2026 00:09:18 PRC] [读取用户数据] 成功读取：../users/mail%40mrcwoods.com/user.json，数据：{"username":"mrcwoods","level":2,"points":0,"used_space_kb":0}
[17-Feb-2026 00:09:18 PRC] [用户数据路径] 生成路径：../users/mail%40mrcwoods.com/user.json
[17-Feb-2026 00:09:18 PRC] [读取用户数据] 尝试读取文件：../users/mail%40mrcwoods.com/user.json
[17-Feb-2026 00:09:18 PRC] [读取用户数据] 成功读取：../users/mail%40mrcwoods.com/user.json，数据：{"username":"mrcwoods","level":2,"points":0,"used_space_kb":0}
[17-Feb-2026 00:09:22 PRC] [主流程] Cookie中读取的user_token：16ca37d5938d6b1207a98e4efb17a88cd2fbdc2d4aaa7e2c5bbe5fe607ee695e | 是否为空：否
[17-Feb-2026 00:09:22 PRC] [登录检测] 传入Token：16ca37d5938d6b1207a98e4efb17a88cd2fbdc2d4aaa7e2c5bbe5fe607ee695e | 清理后：16ca37d5938d6b1207a98e4efb17a88cd2fbdc2d4aaa7e2c5bbe5fe607ee695e | 长度：64
[17-Feb-2026 00:09:22 PRC] [登录检测] Token匹配成功，用户邮箱：mail@mrcwoods.com
[17-Feb-2026 00:09:22 PRC] [主流程] Token验证结果：成功（mail@mrcwoods.com）
[17-Feb-2026 00:09:22 PRC] [用户数据路径] 生成路径：../users/mail%40mrcwoods.com/user.json
[17-Feb-2026 00:09:22 PRC] [读取用户数据] 尝试读取文件：../users/mail%40mrcwoods.com/user.json
[17-Feb-2026 00:09:22 PRC] [读取用户数据] 成功读取：../users/mail%40mrcwoods.com/user.json，数据：{"username":"mrcwoods","level":2,"points":0,"used_space_kb":0}
[17-Feb-2026 00:09:22 PRC] [用户数据路径] 生成路径：../users/mail%40mrcwoods.com/user.json
[17-Feb-2026 00:09:22 PRC] [读取用户数据] 尝试读取文件：../users/mail%40mrcwoods.com/user.json
[17-Feb-2026 00:09:22 PRC] [读取用户数据] 成功读取：../users/mail%40mrcwoods.com/user.json，数据：{"username":"mrcwoods","level":2,"points":0,"used_space_kb":0}
[17-Feb-2026 00:09:22 PRC] [用户数据路径] 生成路径：../users/mail%40mrcwoods.com/user.json
[17-Feb-2026 00:09:22 PRC] [读取用户数据] 尝试读取文件：../users/mail%40mrcwoods.com/user.json
[17-Feb-2026 00:09:22 PRC] [读取用户数据] 成功读取：../users/mail%40mrcwoods.com/user.json，数据：{"username":"mrcwoods","level":2,"points":0,"used_space_kb":0}
[17-Feb-2026 00:09:22 PRC] [主流程] Cookie中读取的user_token：16ca37d5938d6b1207a98e4efb17a88cd2fbdc2d4aaa7e2c5bbe5fe607ee695e | 是否为空：否
[17-Feb-2026 00:09:22 PRC] [登录检测] 传入Token：16ca37d5938d6b1207a98e4efb17a88cd2fbdc2d4aaa7e2c5bbe5fe607ee695e | 清理后：16ca37d5938d6b1207a98e4efb17a88cd2fbdc2d4aaa7e2c5bbe5fe607ee695e | 长度：64
[17-Feb-2026 00:09:22 PRC] [登录检测] Token匹配成功，用户邮箱：mail@mrcwoods.com
[17-Feb-2026 00:09:22 PRC] [主流程] Token验证结果：成功（mail@mrcwoods.com）
[17-Feb-2026 00:09:22 PRC] [用户数据路径] 生成路径：../users/mail%40mrcwoods.com/user.json
[17-Feb-2026 00:09:22 PRC] [读取用户数据] 尝试读取文件：../users/mail%40mrcwoods.com/user.json
[17-Feb-2026 00:09:22 PRC] [读取用户数据] 成功读取：../users/mail%40mrcwoods.com/user.json，数据：{"username":"mrcwoods","level":2,"points":0,"used_space_kb":0}
[17-Feb-2026 00:09:22 PRC] [用户数据路径] 生成路径：../users/mail%40mrcwoods.com/user.json
[17-Feb-2026 00:09:22 PRC] [读取用户数据] 尝试读取文件：../users/mail%40mrcwoods.com/user.json
[17-Feb-2026 00:09:22 PRC] [读取用户数据] 成功读取：../users/mail%40mrcwoods.com/user.json，数据：{"username":"mrcwoods","level":2,"points":0,"used_space_kb":0}
[17-Feb-2026 00:09:22 PRC] [用户数据路径] 生成路径：../users/mail%40mrcwoods.com/user.json
[17-Feb-2026 00:09:22 PRC] [读取用户数据] 尝试读取文件：../users/mail%40mrcwoods.com/user.json
[17-Feb-2026 00:09:22 PRC] [读取用户数据] 成功读取：../users/mail%40mrcwoods.com/user.json，数据：{"username":"mrcwoods","level":2,"points":0,"used_space_kb":0}
[17-Feb-2026 00:11:26 PRC] [主流程] Cookie中读取的user_token：16ca37d5938d6b1207a98e4efb17a88cd2fbdc2d4aaa7e2c5bbe5fe607ee695e | 是否为空：否
[17-Feb-2026 00:11:26 PRC] [登录检测] 传入Token：16ca37d5938d6b1207a98e4efb17a88cd2fbdc2d4aaa7e2c5bbe5fe607ee695e | 清理后：16ca37d5938d6b1207a98e4efb17a88cd2fbdc2d4aaa7e2c5bbe5fe607ee695e | 长度：64
[17-Feb-2026 00:11:26 PRC] [登录检测] Token匹配成功，用户邮箱：mail@mrcwoods.com
[17-Feb-2026 00:11:26 PRC] [主流程] Token验证结果：成功（mail@mrcwoods.com）
[17-Feb-2026 00:11:26 PRC] [用户数据路径] 生成路径：../users/mail%40mrcwoods.com/user.json
[17-Feb-2026 00:11:26 PRC] [读取用户数据] 尝试读取文件：../users/mail%40mrcwoods.com/user.json
[17-Feb-2026 00:11:26 PRC] [读取用户数据] 成功读取：../users/mail%40mrcwoods.com/user.json，数据：{"username":"mrcwoods","level":2,"points":0,"used_space_kb":0}
[17-Feb-2026 00:11:26 PRC] [用户数据路径] 生成路径：../users/mail%40mrcwoods.com/user.json
[17-Feb-2026 00:11:26 PRC] [读取用户数据] 尝试读取文件：../users/mail%40mrcwoods.com/user.json
[17-Feb-2026 00:11:26 PRC] [读取用户数据] 成功读取：../users/mail%40mrcwoods.com/user.json，数据：{"username":"mrcwoods","level":2,"points":0,"used_space_kb":0}
[17-Feb-2026 00:11:26 PRC] [用户数据路径] 生成路径：../users/mail%40mrcwoods.com/user.json
[17-Feb-2026 00:11:26 PRC] [读取用户数据] 尝试读取文件：../users/mail%40mrcwoods.com/user.json
[17-Feb-2026 00:11:26 PRC] [读取用户数据] 成功读取：../users/mail%40mrcwoods.com/user.json，数据：{"username":"mrcwoods","level":2,"points":0,"used_space_kb":0}
[17-Feb-2026 09:10:44 PRC] [主流程] Cookie中读取的user_token：1ac24b8a338c896eb0a715ae3f867987f3ff4c6ceab1eb9e3836f437b04340e1 | 是否为空：否
[17-Feb-2026 09:10:44 PRC] [登录检测] 传入Token：1ac24b8a338c896eb0a715ae3f867987f3ff4c6ceab1eb9e3836f437b04340e1 | 清理后：1ac24b8a338c896eb0a715ae3f867987f3ff4c6ceab1eb9e3836f437b04340e1 | 长度：64
[17-Feb-2026 09:10:44 PRC] [登录检测] Token匹配成功，用户邮箱：2479610394@qq.com
[17-Feb-2026 09:10:44 PRC] [主流程] Token验证结果：成功（2479610394@qq.com）
[17-Feb-2026 09:10:44 PRC] [用户数据路径] 生成路径：../users/2479610394%40qq.com/user.json
[17-Feb-2026 09:10:44 PRC] [读取用户数据] 尝试读取文件：../users/2479610394%40qq.com/user.json
[17-Feb-2026 09:10:44 PRC] [读取用户数据] 成功读取：../users/2479610394%40qq.com/user.json，数据：{"username":"\u9ed8\u8ba4\u7528\u6237","level":1,"points":19,"used_space_kb":0}
[17-Feb-2026 09:10:44 PRC] [用户数据路径] 生成路径：../users/2479610394%40qq.com/user.json
[17-Feb-2026 09:10:44 PRC] [读取用户数据] 尝试读取文件：../users/2479610394%40qq.com/user.json
[17-Feb-2026 09:10:44 PRC] [读取用户数据] 成功读取：../users/2479610394%40qq.com/user.json，数据：{"username":"\u9ed8\u8ba4\u7528\u6237","level":1,"points":19,"used_space_kb":0}
[17-Feb-2026 09:10:44 PRC] [用户数据路径] 生成路径：../users/2479610394%40qq.com/user.json
[17-Feb-2026 09:10:44 PRC] [读取用户数据] 尝试读取文件：../users/2479610394%40qq.com/user.json
[17-Feb-2026 09:10:44 PRC] [读取用户数据] 成功读取：../users/2479610394%40qq.com/user.json，数据：{"username":"\u9ed8\u8ba4\u7528\u6237","level":1,"points":19,"used_space_kb":0}
[17-Feb-2026 09:11:37 PRC] [主流程] Cookie中读取的user_token：1ac24b8a338c896eb0a715ae3f867987f3ff4c6ceab1eb9e3836f437b04340e1 | 是否为空：否
[17-Feb-2026 09:11:37 PRC] [登录检测] 传入Token：1ac24b8a338c896eb0a715ae3f867987f3ff4c6ceab1eb9e3836f437b04340e1 | 清理后：1ac24b8a338c896eb0a715ae3f867987f3ff4c6ceab1eb9e3836f437b04340e1 | 长度：64
[17-Feb-2026 09:11:37 PRC] [登录检测] Token匹配成功，用户邮箱：2479610394@qq.com
[17-Feb-2026 09:11:37 PRC] [主流程] Token验证结果：成功（2479610394@qq.com）
[17-Feb-2026 09:11:37 PRC] [使用兑换码] 成功：d04dc008fc1d4f17b29d032cbc3393f2bebf76b948288b315c952e516c8beb82 (20积分)，已删除
[17-Feb-2026 09:11:37 PRC] [用户数据路径] 生成路径：../users/2479610394%40qq.com/user.json
[17-Feb-2026 09:11:37 PRC] [读取用户数据] 尝试读取文件：../users/2479610394%40qq.com/user.json
[17-Feb-2026 09:11:37 PRC] [读取用户数据] 成功读取：../users/2479610394%40qq.com/user.json，数据：{"username":"\u9ed8\u8ba4\u7528\u6237","level":1,"points":19,"used_space_kb":0}
[17-Feb-2026 09:11:37 PRC] [读取用户数据] 尝试读取文件：../users/2479610394%40qq.com/user.json
[17-Feb-2026 09:11:37 PRC] [读取用户数据] 成功读取：../users/2479610394%40qq.com/user.json，数据：{"username":"\u9ed8\u8ba4\u7528\u6237","level":1,"points":19,"used_space_kb":0}
[17-Feb-2026 09:11:37 PRC] [更新用户数据] 合并后数据：{"username":"\u9ed8\u8ba4\u7528\u6237","level":1,"points":39,"used_space_kb":0}
[17-Feb-2026 09:11:37 PRC] [更新用户数据] 成功写入：../users/2479610394%40qq.com/user.json
[17-Feb-2026 09:11:37 PRC] [读取用户数据] 尝试读取文件：../users/2479610394%40qq.com/user.json
[17-Feb-2026 09:11:37 PRC] [读取用户数据] 成功读取：../users/2479610394%40qq.com/user.json，数据：{"username":"\u9ed8\u8ba4\u7528\u6237","level":1,"points":39,"used_space_kb":0}
[17-Feb-2026 09:11:37 PRC] [用户数据路径] 生成路径：../users/2479610394%40qq.com/user.json
[17-Feb-2026 09:11:37 PRC] [读取用户数据] 尝试读取文件：../users/2479610394%40qq.com/user.json
[17-Feb-2026 09:11:37 PRC] [读取用户数据] 成功读取：../users/2479610394%40qq.com/user.json，数据：{"username":"\u9ed8\u8ba4\u7528\u6237","level":1,"points":39,"used_space_kb":0}
[17-Feb-2026 09:11:37 PRC] [用户数据路径] 生成路径：../users/2479610394%40qq.com/user.json
[17-Feb-2026 09:11:37 PRC] [读取用户数据] 尝试读取文件：../users/2479610394%40qq.com/user.json
[17-Feb-2026 09:11:37 PRC] [读取用户数据] 成功读取：../users/2479610394%40qq.com/user.json，数据：{"username":"\u9ed8\u8ba4\u7528\u6237","level":1,"points":39,"used_space_kb":0}
[17-Feb-2026 09:11:49 PRC] [主流程] Cookie中读取的user_token：1ac24b8a338c896eb0a715ae3f867987f3ff4c6ceab1eb9e3836f437b04340e1 | 是否为空：否
[17-Feb-2026 09:11:49 PRC] [登录检测] 传入Token：1ac24b8a338c896eb0a715ae3f867987f3ff4c6ceab1eb9e3836f437b04340e1 | 清理后：1ac24b8a338c896eb0a715ae3f867987f3ff4c6ceab1eb9e3836f437b04340e1 | 长度：64
[17-Feb-2026 09:11:49 PRC] [登录检测] Token匹配成功，用户邮箱：2479610394@qq.com
[17-Feb-2026 09:11:49 PRC] [主流程] Token验证结果：成功（2479610394@qq.com）
[17-Feb-2026 09:11:49 PRC] [使用兑换码] 成功：eec0591634c37d97a126fcba9cec5a42b6a181bc9ea40c54c5356556e34fd483 (26积分)，已删除
[17-Feb-2026 09:11:49 PRC] [用户数据路径] 生成路径：../users/2479610394%40qq.com/user.json
[17-Feb-2026 09:11:49 PRC] [读取用户数据] 尝试读取文件：../users/2479610394%40qq.com/user.json
[17-Feb-2026 09:11:49 PRC] [读取用户数据] 成功读取：../users/2479610394%40qq.com/user.json，数据：{"username":"\u9ed8\u8ba4\u7528\u6237","level":1,"points":39,"used_space_kb":0}
[17-Feb-2026 09:11:49 PRC] [读取用户数据] 尝试读取文件：../users/2479610394%40qq.com/user.json
[17-Feb-2026 09:11:49 PRC] [读取用户数据] 成功读取：../users/2479610394%40qq.com/user.json，数据：{"username":"\u9ed8\u8ba4\u7528\u6237","level":1,"points":39,"used_space_kb":0}
[17-Feb-2026 09:11:49 PRC] [更新用户数据] 合并后数据：{"username":"\u9ed8\u8ba4\u7528\u6237","level":1,"points":65,"used_space_kb":0}
[17-Feb-2026 09:11:49 PRC] [更新用户数据] 成功写入：../users/2479610394%40qq.com/user.json
[17-Feb-2026 09:11:49 PRC] [读取用户数据] 尝试读取文件：../users/2479610394%40qq.com/user.json
[17-Feb-2026 09:11:49 PRC] [读取用户数据] 成功读取：../users/2479610394%40qq.com/user.json，数据：{"username":"\u9ed8\u8ba4\u7528\u6237","level":1,"points":65,"used_space_kb":0}
[17-Feb-2026 09:11:49 PRC] [用户数据路径] 生成路径：../users/2479610394%40qq.com/user.json
[17-Feb-2026 09:11:49 PRC] [读取用户数据] 尝试读取文件：../users/2479610394%40qq.com/user.json
[17-Feb-2026 09:11:49 PRC] [读取用户数据] 成功读取：../users/2479610394%40qq.com/user.json，数据：{"username":"\u9ed8\u8ba4\u7528\u6237","level":1,"points":65,"used_space_kb":0}
[17-Feb-2026 09:11:49 PRC] [用户数据路径] 生成路径：../users/2479610394%40qq.com/user.json
[17-Feb-2026 09:11:49 PRC] [读取用户数据] 尝试读取文件：../users/2479610394%40qq.com/user.json
[17-Feb-2026 09:11:49 PRC] [读取用户数据] 成功读取：../users/2479610394%40qq.com/user.json，数据：{"username":"\u9ed8\u8ba4\u7528\u6237","level":1,"points":65,"used_space_kb":0}
[17-Feb-2026 09:11:59 PRC] [主流程] Cookie中读取的user_token：1ac24b8a338c896eb0a715ae3f867987f3ff4c6ceab1eb9e3836f437b04340e1 | 是否为空：否
[17-Feb-2026 09:11:59 PRC] [登录检测] 传入Token：1ac24b8a338c896eb0a715ae3f867987f3ff4c6ceab1eb9e3836f437b04340e1 | 清理后：1ac24b8a338c896eb0a715ae3f867987f3ff4c6ceab1eb9e3836f437b04340e1 | 长度：64
[17-Feb-2026 09:11:59 PRC] [登录检测] Token匹配成功，用户邮箱：2479610394@qq.com
[17-Feb-2026 09:11:59 PRC] [主流程] Token验证结果：成功（2479610394@qq.com）
[17-Feb-2026 09:11:59 PRC] [使用兑换码] 成功：c8b57bdc437d9205004e8af926d7a82da1a972e6fb76b6890dd6bfee73ffc671 (50积分)，已删除
[17-Feb-2026 09:11:59 PRC] [用户数据路径] 生成路径：../users/2479610394%40qq.com/user.json
[17-Feb-2026 09:11:59 PRC] [读取用户数据] 尝试读取文件：../users/2479610394%40qq.com/user.json
[17-Feb-2026 09:11:59 PRC] [读取用户数据] 成功读取：../users/2479610394%40qq.com/user.json，数据：{"username":"\u9ed8\u8ba4\u7528\u6237","level":1,"points":65,"used_space_kb":0}
[17-Feb-2026 09:11:59 PRC] [读取用户数据] 尝试读取文件：../users/2479610394%40qq.com/user.json
[17-Feb-2026 09:11:59 PRC] [读取用户数据] 成功读取：../users/2479610394%40qq.com/user.json，数据：{"username":"\u9ed8\u8ba4\u7528\u6237","level":1,"points":65,"used_space_kb":0}
[17-Feb-2026 09:11:59 PRC] [更新用户数据] 合并后数据：{"username":"\u9ed8\u8ba4\u7528\u6237","level":1,"points":115,"used_space_kb":0}
[17-Feb-2026 09:11:59 PRC] [更新用户数据] 成功写入：../users/2479610394%40qq.com/user.json
[17-Feb-2026 09:11:59 PRC] [读取用户数据] 尝试读取文件：../users/2479610394%40qq.com/user.json
[17-Feb-2026 09:11:59 PRC] [读取用户数据] 成功读取：../users/2479610394%40qq.com/user.json，数据：{"username":"\u9ed8\u8ba4\u7528\u6237","level":1,"points":115,"used_space_kb":0}
[17-Feb-2026 09:11:59 PRC] [用户数据路径] 生成路径：../users/2479610394%40qq.com/user.json
[17-Feb-2026 09:11:59 PRC] [读取用户数据] 尝试读取文件：../users/2479610394%40qq.com/user.json
[17-Feb-2026 09:11:59 PRC] [读取用户数据] 成功读取：../users/2479610394%40qq.com/user.json，数据：{"username":"\u9ed8\u8ba4\u7528\u6237","level":1,"points":115,"used_space_kb":0}
[17-Feb-2026 09:11:59 PRC] [用户数据路径] 生成路径：../users/2479610394%40qq.com/user.json
[17-Feb-2026 09:11:59 PRC] [读取用户数据] 尝试读取文件：../users/2479610394%40qq.com/user.json
[17-Feb-2026 09:11:59 PRC] [读取用户数据] 成功读取：../users/2479610394%40qq.com/user.json，数据：{"username":"\u9ed8\u8ba4\u7528\u6237","level":1,"points":115,"used_space_kb":0}
[17-Feb-2026 09:12:08 PRC] [主流程] Cookie中读取的user_token：1ac24b8a338c896eb0a715ae3f867987f3ff4c6ceab1eb9e3836f437b04340e1 | 是否为空：否
[17-Feb-2026 09:12:08 PRC] [登录检测] 传入Token：1ac24b8a338c896eb0a715ae3f867987f3ff4c6ceab1eb9e3836f437b04340e1 | 清理后：1ac24b8a338c896eb0a715ae3f867987f3ff4c6ceab1eb9e3836f437b04340e1 | 长度：64
[17-Feb-2026 09:12:08 PRC] [登录检测] Token匹配成功，用户邮箱：2479610394@qq.com
[17-Feb-2026 09:12:08 PRC] [主流程] Token验证结果：成功（2479610394@qq.com）
[17-Feb-2026 09:12:08 PRC] [使用兑换码] 成功：551e38e2b777eb02b10745b51b7fb14b8aac640413547c4acb8947e3b9d8fdef (50积分)，已删除
[17-Feb-2026 09:12:08 PRC] [用户数据路径] 生成路径：../users/2479610394%40qq.com/user.json
[17-Feb-2026 09:12:08 PRC] [读取用户数据] 尝试读取文件：../users/2479610394%40qq.com/user.json
[17-Feb-2026 09:12:08 PRC] [读取用户数据] 成功读取：../users/2479610394%40qq.com/user.json，数据：{"username":"\u9ed8\u8ba4\u7528\u6237","level":1,"points":115,"used_space_kb":0}
[17-Feb-2026 09:12:08 PRC] [读取用户数据] 尝试读取文件：../users/2479610394%40qq.com/user.json
[17-Feb-2026 09:12:08 PRC] [读取用户数据] 成功读取：../users/2479610394%40qq.com/user.json，数据：{"username":"\u9ed8\u8ba4\u7528\u6237","level":1,"points":115,"used_space_kb":0}
[17-Feb-2026 09:12:08 PRC] [更新用户数据] 合并后数据：{"username":"\u9ed8\u8ba4\u7528\u6237","level":1,"points":165,"used_space_kb":0}
[17-Feb-2026 09:12:08 PRC] [更新用户数据] 成功写入：../users/2479610394%40qq.com/user.json
[17-Feb-2026 09:12:08 PRC] [读取用户数据] 尝试读取文件：../users/2479610394%40qq.com/user.json
[17-Feb-2026 09:12:08 PRC] [读取用户数据] 成功读取：../users/2479610394%40qq.com/user.json，数据：{"username":"\u9ed8\u8ba4\u7528\u6237","level":1,"points":165,"used_space_kb":0}
[17-Feb-2026 09:12:08 PRC] [用户数据路径] 生成路径：../users/2479610394%40qq.com/user.json
[17-Feb-2026 09:12:08 PRC] [读取用户数据] 尝试读取文件：../users/2479610394%40qq.com/user.json
[17-Feb-2026 09:12:08 PRC] [读取用户数据] 成功读取：../users/2479610394%40qq.com/user.json，数据：{"username":"\u9ed8\u8ba4\u7528\u6237","level":1,"points":165,"used_space_kb":0}
[17-Feb-2026 09:12:08 PRC] [用户数据路径] 生成路径：../users/2479610394%40qq.com/user.json
[17-Feb-2026 09:12:08 PRC] [读取用户数据] 尝试读取文件：../users/2479610394%40qq.com/user.json
[17-Feb-2026 09:12:08 PRC] [读取用户数据] 成功读取：../users/2479610394%40qq.com/user.json，数据：{"username":"\u9ed8\u8ba4\u7528\u6237","level":1,"points":165,"used_space_kb":0}
[17-Feb-2026 09:12:38 PRC] [主流程] Cookie中读取的user_token：1ac24b8a338c896eb0a715ae3f867987f3ff4c6ceab1eb9e3836f437b04340e1 | 是否为空：否
[17-Feb-2026 09:12:38 PRC] [登录检测] 传入Token：1ac24b8a338c896eb0a715ae3f867987f3ff4c6ceab1eb9e3836f437b04340e1 | 清理后：1ac24b8a338c896eb0a715ae3f867987f3ff4c6ceab1eb9e3836f437b04340e1 | 长度：64
[17-Feb-2026 09:12:38 PRC] [登录检测] Token匹配成功，用户邮箱：2479610394@qq.com
[17-Feb-2026 09:12:38 PRC] [主流程] Token验证结果：成功（2479610394@qq.com）
[17-Feb-2026 09:12:38 PRC] [用户数据路径] 生成路径：../users/2479610394%40qq.com/user.json
[17-Feb-2026 09:12:38 PRC] [读取用户数据] 尝试读取文件：../users/2479610394%40qq.com/user.json
[17-Feb-2026 09:12:38 PRC] [读取用户数据] 成功读取：../users/2479610394%40qq.com/user.json，数据：{"username":"\u9ed8\u8ba4\u7528\u6237","level":1,"points":165,"used_space_kb":0}
[17-Feb-2026 09:12:38 PRC] [读取用户数据] 尝试读取文件：../users/2479610394%40qq.com/user.json
[17-Feb-2026 09:12:38 PRC] [读取用户数据] 成功读取：../users/2479610394%40qq.com/user.json，数据：{"username":"\u9ed8\u8ba4\u7528\u6237","level":1,"points":165,"used_space_kb":0}
[17-Feb-2026 09:12:38 PRC] [更新用户数据] 合并后数据：{"username":"\u9ed8\u8ba4\u7528\u6237","level":2,"points":66,"used_space_kb":0}
[17-Feb-2026 09:12:38 PRC] [更新用户数据] 成功写入：../users/2479610394%40qq.com/user.json
[17-Feb-2026 09:12:38 PRC] [读取用户数据] 尝试读取文件：../users/2479610394%40qq.com/user.json
[17-Feb-2026 09:12:38 PRC] [读取用户数据] 成功读取：../users/2479610394%40qq.com/user.json，数据：{"username":"\u9ed8\u8ba4\u7528\u6237","level":2,"points":66,"used_space_kb":0}
[17-Feb-2026 09:12:38 PRC] [用户数据路径] 生成路径：../users/2479610394%40qq.com/user.json
[17-Feb-2026 09:12:38 PRC] [读取用户数据] 尝试读取文件：../users/2479610394%40qq.com/user.json
[17-Feb-2026 09:12:38 PRC] [读取用户数据] 成功读取：../users/2479610394%40qq.com/user.json，数据：{"username":"\u9ed8\u8ba4\u7528\u6237","level":2,"points":66,"used_space_kb":0}
[17-Feb-2026 09:12:38 PRC] [用户数据路径] 生成路径：../users/2479610394%40qq.com/user.json
[17-Feb-2026 09:12:38 PRC] [读取用户数据] 尝试读取文件：../users/2479610394%40qq.com/user.json
[17-Feb-2026 09:12:38 PRC] [读取用户数据] 成功读取：../users/2479610394%40qq.com/user.json，数据：{"username":"\u9ed8\u8ba4\u7528\u6237","level":2,"points":66,"used_space_kb":0}
[17-Feb-2026 09:13:27 PRC] [主流程] Cookie中读取的user_token：1ac24b8a338c896eb0a715ae3f867987f3ff4c6ceab1eb9e3836f437b04340e1 | 是否为空：否
[17-Feb-2026 09:13:27 PRC] [登录检测] 传入Token：1ac24b8a338c896eb0a715ae3f867987f3ff4c6ceab1eb9e3836f437b04340e1 | 清理后：1ac24b8a338c896eb0a715ae3f867987f3ff4c6ceab1eb9e3836f437b04340e1 | 长度：64
[17-Feb-2026 09:13:27 PRC] [登录检测] Token匹配成功，用户邮箱：2479610394@qq.com
[17-Feb-2026 09:13:27 PRC] [主流程] Token验证结果：成功（2479610394@qq.com）
[17-Feb-2026 09:13:27 PRC] [用户数据路径] 生成路径：../users/2479610394%40qq.com/user.json
[17-Feb-2026 09:13:27 PRC] [读取用户数据] 尝试读取文件：../users/2479610394%40qq.com/user.json
[17-Feb-2026 09:13:27 PRC] [读取用户数据] 成功读取：../users/2479610394%40qq.com/user.json，数据：{"username":"\u9ed8\u8ba4\u7528\u6237","level":2,"points":66,"used_space_kb":0}
[17-Feb-2026 09:13:27 PRC] [用户数据路径] 生成路径：../users/2479610394%40qq.com/user.json
[17-Feb-2026 09:13:27 PRC] [读取用户数据] 尝试读取文件：../users/2479610394%40qq.com/user.json
[17-Feb-2026 09:13:27 PRC] [读取用户数据] 成功读取：../users/2479610394%40qq.com/user.json，数据：{"username":"\u9ed8\u8ba4\u7528\u6237","level":2,"points":66,"used_space_kb":0}
[17-Feb-2026 09:13:27 PRC] [用户数据路径] 生成路径：../users/2479610394%40qq.com/user.json
[17-Feb-2026 09:13:27 PRC] [读取用户数据] 尝试读取文件：../users/2479610394%40qq.com/user.json
[17-Feb-2026 09:13:27 PRC] [读取用户数据] 成功读取：../users/2479610394%40qq.com/user.json，数据：{"username":"\u9ed8\u8ba4\u7528\u6237","level":2,"points":66,"used_space_kb":0}
[17-Feb-2026 09:13:44 PRC] [主流程] Cookie中读取的user_token：1ac24b8a338c896eb0a715ae3f867987f3ff4c6ceab1eb9e3836f437b04340e1 | 是否为空：否
[17-Feb-2026 09:13:44 PRC] [登录检测] 传入Token：1ac24b8a338c896eb0a715ae3f867987f3ff4c6ceab1eb9e3836f437b04340e1 | 清理后：1ac24b8a338c896eb0a715ae3f867987f3ff4c6ceab1eb9e3836f437b04340e1 | 长度：64
[17-Feb-2026 09:13:44 PRC] [登录检测] Token匹配成功，用户邮箱：2479610394@qq.com
[17-Feb-2026 09:13:44 PRC] [主流程] Token验证结果：成功（2479610394@qq.com）
[17-Feb-2026 09:13:44 PRC] [用户数据路径] 生成路径：../users/2479610394%40qq.com/user.json
[17-Feb-2026 09:13:44 PRC] [读取用户数据] 尝试读取文件：../users/2479610394%40qq.com/user.json
[17-Feb-2026 09:13:44 PRC] [读取用户数据] 成功读取：../users/2479610394%40qq.com/user.json，数据：{"username":"\u9ed8\u8ba4\u7528\u6237","level":2,"points":66,"used_space_kb":0}
[17-Feb-2026 09:13:44 PRC] [用户数据路径] 生成路径：../users/2479610394%40qq.com/user.json
[17-Feb-2026 09:13:44 PRC] [读取用户数据] 尝试读取文件：../users/2479610394%40qq.com/user.json
[17-Feb-2026 09:13:44 PRC] [读取用户数据] 成功读取：../users/2479610394%40qq.com/user.json，数据：{"username":"\u9ed8\u8ba4\u7528\u6237","level":2,"points":66,"used_space_kb":0}
[17-Feb-2026 09:13:44 PRC] [用户数据路径] 生成路径：../users/2479610394%40qq.com/user.json
[17-Feb-2026 09:13:44 PRC] [读取用户数据] 尝试读取文件：../users/2479610394%40qq.com/user.json
[17-Feb-2026 09:13:44 PRC] [读取用户数据] 成功读取：../users/2479610394%40qq.com/user.json，数据：{"username":"\u9ed8\u8ba4\u7528\u6237","level":2,"points":66,"used_space_kb":0}
[17-Feb-2026 10:24:50 PRC] [主流程] Cookie中读取的user_token：3c98d920753ef1eca0b0b28f477ac29072cfd6c2f0983c33b162af95934ce69d | 是否为空：否
[17-Feb-2026 10:24:50 PRC] [登录检测] 传入Token：3c98d920753ef1eca0b0b28f477ac29072cfd6c2f0983c33b162af95934ce69d | 清理后：3c98d920753ef1eca0b0b28f477ac29072cfd6c2f0983c33b162af95934ce69d | 长度：64
[17-Feb-2026 10:24:50 PRC] [登录检测] Token匹配成功，用户邮箱：mail@mrcwoods.com
[17-Feb-2026 10:24:50 PRC] [主流程] Token验证结果：成功（mail@mrcwoods.com）
[17-Feb-2026 10:24:50 PRC] [用户数据路径] 生成路径：../users/mail%40mrcwoods.com/user.json
[17-Feb-2026 10:24:50 PRC] [读取用户数据] 尝试读取文件：../users/mail%40mrcwoods.com/user.json
[17-Feb-2026 10:24:50 PRC] [读取用户数据] 成功读取：../users/mail%40mrcwoods.com/user.json，数据：{"username":"mrcwoods","level":2,"points":17,"used_space_kb":0}
[17-Feb-2026 10:24:50 PRC] [用户数据路径] 生成路径：../users/mail%40mrcwoods.com/user.json
[17-Feb-2026 10:24:50 PRC] [读取用户数据] 尝试读取文件：../users/mail%40mrcwoods.com/user.json
[17-Feb-2026 10:24:50 PRC] [读取用户数据] 成功读取：../users/mail%40mrcwoods.com/user.json，数据：{"username":"mrcwoods","level":2,"points":17,"used_space_kb":0}
[17-Feb-2026 10:24:50 PRC] [用户数据路径] 生成路径：../users/mail%40mrcwoods.com/user.json
[17-Feb-2026 10:24:50 PRC] [读取用户数据] 尝试读取文件：../users/mail%40mrcwoods.com/user.json
[17-Feb-2026 10:24:50 PRC] [读取用户数据] 成功读取：../users/mail%40mrcwoods.com/user.json，数据：{"username":"mrcwoods","level":2,"points":17,"used_space_kb":0}
[17-Feb-2026 11:48:28 PRC] [主流程] Cookie中读取的user_token：e5c21664f3642b1b4e2c42f338185b5ec3fbd20c932b644ed6343836f3464f91 | 是否为空：否
[17-Feb-2026 11:48:28 PRC] [登录检测] 传入Token：e5c21664f3642b1b4e2c42f338185b5ec3fbd20c932b644ed6343836f3464f91 | 清理后：e5c21664f3642b1b4e2c42f338185b5ec3fbd20c932b644ed6343836f3464f91 | 长度：64
[17-Feb-2026 11:48:28 PRC] [登录检测] Token匹配成功，用户邮箱：mail@mrcwoods.com
[17-Feb-2026 11:48:28 PRC] [主流程] Token验证结果：成功（mail@mrcwoods.com）
[17-Feb-2026 11:48:28 PRC] [用户数据路径] 生成路径：../users/mail%40mrcwoods.com/user.json
[17-Feb-2026 11:48:28 PRC] [读取用户数据] 尝试读取文件：../users/mail%40mrcwoods.com/user.json
[17-Feb-2026 11:48:28 PRC] [读取用户数据] 成功读取：../users/mail%40mrcwoods.com/user.json，数据：{"username":"mrcwoods","level":2,"points":28,"used_space_kb":1945}
[17-Feb-2026 11:48:28 PRC] [用户数据路径] 生成路径：../users/mail%40mrcwoods.com/user.json
[17-Feb-2026 11:48:28 PRC] [读取用户数据] 尝试读取文件：../users/mail%40mrcwoods.com/user.json
[17-Feb-2026 11:48:28 PRC] [读取用户数据] 成功读取：../users/mail%40mrcwoods.com/user.json，数据：{"username":"mrcwoods","level":2,"points":28,"used_space_kb":1945}
[17-Feb-2026 11:48:28 PRC] [用户数据路径] 生成路径：../users/mail%40mrcwoods.com/user.json
[17-Feb-2026 11:48:28 PRC] [读取用户数据] 尝试读取文件：../users/mail%40mrcwoods.com/user.json
[17-Feb-2026 11:48:28 PRC] [读取用户数据] 成功读取：../users/mail%40mrcwoods.com/user.json，数据：{"username":"mrcwoods","level":2,"points":28,"used_space_kb":1945}
[17-Feb-2026 12:34:53 PRC] [主流程] Cookie中读取的user_token：a9bf3df01f59325a255c6d604fa7d2cbfd029d772194edab112e77f26b3d271a | 是否为空：否
[17-Feb-2026 12:34:53 PRC] [登录检测] 传入Token：a9bf3df01f59325a255c6d604fa7d2cbfd029d772194edab112e77f26b3d271a | 清理后：a9bf3df01f59325a255c6d604fa7d2cbfd029d772194edab112e77f26b3d271a | 长度：64
[17-Feb-2026 12:34:53 PRC] [登录检测] Token匹配成功，用户邮箱：mail@mrcwoods.com
[17-Feb-2026 12:34:53 PRC] [主流程] Token验证结果：成功（mail@mrcwoods.com）
[17-Feb-2026 12:34:53 PRC] [用户数据路径] 生成路径：../users/mail%40mrcwoods.com/user.json
[17-Feb-2026 12:34:53 PRC] [读取用户数据] 尝试读取文件：../users/mail%40mrcwoods.com/user.json
[17-Feb-2026 12:34:53 PRC] [读取用户数据] 成功读取：../users/mail%40mrcwoods.com/user.json，数据：{"username":"mrcwoods","level":2,"points":45,"used_space_kb":0}
[17-Feb-2026 12:34:53 PRC] [用户数据路径] 生成路径：../users/mail%40mrcwoods.com/user.json
[17-Feb-2026 12:34:53 PRC] [读取用户数据] 尝试读取文件：../users/mail%40mrcwoods.com/user.json
[17-Feb-2026 12:34:53 PRC] [读取用户数据] 成功读取：../users/mail%40mrcwoods.com/user.json，数据：{"username":"mrcwoods","level":2,"points":45,"used_space_kb":0}
[17-Feb-2026 12:34:53 PRC] [用户数据路径] 生成路径：../users/mail%40mrcwoods.com/user.json
[17-Feb-2026 12:34:53 PRC] [读取用户数据] 尝试读取文件：../users/mail%40mrcwoods.com/user.json
[17-Feb-2026 12:34:53 PRC] [读取用户数据] 成功读取：../users/mail%40mrcwoods.com/user.json，数据：{"username":"mrcwoods","level":2,"points":45,"used_space_kb":0}
[17-Feb-2026 16:31:20 PRC] [主流程] Cookie中读取的user_token：04908f8d6a45f209ac293ac0b6f845f3404a1f3b119f30dd968483daa8e3baac | 是否为空：否
[17-Feb-2026 16:31:20 PRC] [登录检测] 传入Token：04908f8d6a45f209ac293ac0b6f845f3404a1f3b119f30dd968483daa8e3baac | 清理后：04908f8d6a45f209ac293ac0b6f845f3404a1f3b119f30dd968483daa8e3baac | 长度：64
[17-Feb-2026 16:31:20 PRC] [登录检测] Token匹配成功，用户邮箱：1692138502@qq.com
[17-Feb-2026 16:31:20 PRC] [主流程] Token验证结果：成功（1692138502@qq.com）
[17-Feb-2026 16:31:20 PRC] [用户数据路径] 生成路径：../users/1692138502%40qq.com/user.json
[17-Feb-2026 16:31:20 PRC] [读取用户数据] 尝试读取文件：../users/1692138502%40qq.com/user.json
[17-Feb-2026 16:31:20 PRC] [读取用户数据] 成功读取：../users/1692138502%40qq.com/user.json，数据：{"username":"Mr.C.Woods","level":11,"points":24350,"used_space_kb":5699}
[17-Feb-2026 16:31:20 PRC] [用户数据路径] 生成路径：../users/1692138502%40qq.com/user.json
[17-Feb-2026 16:31:20 PRC] [读取用户数据] 尝试读取文件：../users/1692138502%40qq.com/user.json
[17-Feb-2026 16:31:20 PRC] [读取用户数据] 成功读取：../users/1692138502%40qq.com/user.json，数据：{"username":"Mr.C.Woods","level":11,"points":24350,"used_space_kb":5699}
[17-Feb-2026 16:31:20 PRC] [用户数据路径] 生成路径：../users/1692138502%40qq.com/user.json
[17-Feb-2026 16:31:20 PRC] [读取用户数据] 尝试读取文件：../users/1692138502%40qq.com/user.json
[17-Feb-2026 16:31:20 PRC] [读取用户数据] 成功读取：../users/1692138502%40qq.com/user.json，数据：{"username":"Mr.C.Woods","level":11,"points":24350,"used_space_kb":5699}
